Copyright 1986-2022 Xilinx, Inc. All Rights Reserved. Copyright 2022-2025 Advanced Micro Devices, Inc. All Rights Reserved.
---------------------------------------------------------------------------------------------------------------------------------------------
| Tool Version : Vivado v.2025.1 (lin64) Build 6140274 Wed May 21 22:58:25 MDT 2025
| Date         : Fri Jan 30 11:55:29 2026
| Host         : rick-g-laptop running 64-bit Ubuntu 24.04.3 LTS
| Command      : report_drc -file design_1_wrapper_drc_routed.rpt -pb design_1_wrapper_drc_routed.pb -rpx design_1_wrapper_drc_routed.rpx
| Design       : design_1_wrapper
| Device       : xc7z020clg400-1
| Speed File   : -1
| Design State : Fully Routed
---------------------------------------------------------------------------------------------------------------------------------------------

Report DRC

Table of Contents
-----------------
1. REPORT SUMMARY
2. REPORT DETAILS

1. REPORT SUMMARY
-----------------
            Netlist: netlist
          Floorplan: design_1
      Design limits: <entire design considered>
           Ruledeck: default
             Max checks: <unlimited>
             Checks found: 2
+-----------+----------+--------------------+--------+
| Rule      | Severity | Description        | Checks |
+-----------+----------+--------------------+--------+
| RTSTAT-10 | Warning  | No routable loads  | 1      |
| ZPS7-1    | Warning  | PS7 block required | 1      |
+-----------+----------+--------------------+--------+

2. REPORT DETAILS
-----------------
RTSTAT-10#1 Warning
No routable loads  
15 net(s) have no routable loads. The problem bus(es) and/or net(s) are design_1_i/axi_smc/inst/m00_nodes/m00_b_node/inst/mi_handler_m_sc_areset_pipe,
design_1_i/axi_smc/inst/s00_nodes/s00_b_node/inst/mi_handler_m_sc_areset_pipe,
design_1_i/axi_smc/inst/s00_nodes/s00_ar_node/inst/mi_handler_m_sc_areset_pipe,
design_1_i/axi_smc/inst/m00_nodes/m00_aw_node/inst/mi_handler_m_sc_areset_pipe,
design_1_i/axi_smc/inst/s00_nodes/s00_r_node/inst/mi_handler_m_sc_areset_pipe,
design_1_i/axi_smc/inst/m01_nodes/m01_w_node/inst/mi_handler_m_sc_areset_pipe,
design_1_i/axi_smc/inst/m01_nodes/m01_aw_node/inst/mi_handler_m_sc_areset_pipe,
design_1_i/axi_smc/inst/s00_nodes/s00_aw_node/inst/mi_handler_m_sc_areset_pipe,
design_1_i/axi_smc/inst/m01_nodes/m01_ar_node/inst/mi_handler_m_sc_areset_pipe,
design_1_i/axi_smc/inst/m01_nodes/m01_r_node/inst/mi_handler_m_sc_areset_pipe,
design_1_i/axi_smc/inst/s00_nodes/s00_w_node/inst/mi_handler_m_sc_areset_pipe,
design_1_i/axi_smc/inst/m01_nodes/m01_b_node/inst/mi_handler_m_sc_areset_pipe,
design_1_i/axi_smc/inst/m00_nodes/m00_r_node/inst/mi_handler_m_sc_areset_pipe
design_1_i/axi_smc/inst/m00_nodes/m00_ar_node/inst/mi_handler_m_sc_areset_pipe.
Related violations: <none>

ZPS7-1#1 Warning
PS7 block required  
The PS7 cell must be used in this Zynq design in order to enable correct default configuration.
Related violations: <none>


