
*** Running vivado
    with args -log design_1_wrapper.vds -m64 -product Vivado -mode batch -messageDb vivado.pb -notrace -source design_1_wrapper.tcl


****** Vivado v2025.1 (64-bit)
  **** SW Build 6140274 on Wed May 21 22:58:25 MDT 2025
  **** IP Build 6138677 on Thu May 22 03:10:11 MDT 2025
  **** SharedData Build 6139179 on Tue May 20 17:58:58 MDT 2025
  **** Start of session at: Thu Feb 12 18:15:49 2026
    ** Copyright 1986-2022 Xilinx, Inc. All Rights Reserved.
    ** Copyright 2022-2025 Advanced Micro Devices, Inc. All Rights Reserved.

source design_1_wrapper.tcl -notrace
INFO: [IP_Flow 19-234] Refreshing IP repositories
INFO: [IP_Flow 19-1700] Loaded user IP repository '/home/rickg/Desktop/NoSync/AXISearch/ip_repo/sentinel_search_ip_2_0'.
INFO: [IP_Flow 19-2313] Loaded Vivado IP repository '/tools/Xilinx/2025.1/Vivado/data/ip'.
INFO: [Project 1-5698] Found the below utility IPs instantiated in block design /home/rickg/Desktop/NoSync/AXISearch/sentinel_value/sentinel_value.srcs/sources_1/bd/design_1/design_1.bd which have equivalent inline hdl with improved performance and reduced diskspace.
It is recommended to migrate these utility IPs to inline hdl  using the command upgrade_project -migrate_to_inline_hdl.  The utility IPs may be deprecated in future releases.
More information on inline hdl is available in UG994.
Utility IP Component Instances:
 design_1_xlconcat_0_1
Command: read_checkpoint -auto_incremental -incremental /home/rickg/Desktop/NoSync/AXISearch/sentinel_value/sentinel_value.srcs/utils_1/imports/synth_1/design_1_wrapper.dcp
INFO: [Vivado 12-5825] Read reference checkpoint from /home/rickg/Desktop/NoSync/AXISearch/sentinel_value/sentinel_value.srcs/utils_1/imports/synth_1/design_1_wrapper.dcp for incremental synthesis
INFO: [Vivado 12-7989] Please ensure there are no constraint changes
Command: synth_design -top design_1_wrapper -part xc7z020clg400-1
Starting synth_design
Attempting to get a license for feature 'Synthesis' and/or device 'xc7z020'
INFO: [Common 17-349] Got license for feature 'Synthesis' and/or device 'xc7z020'
INFO: [Device 21-403] Loading part xc7z020clg400-1
INFO: [Designutils 20-5440] No compile time benefit to using incremental synthesis; A full resynthesis will be run
INFO: [Designutils 20-4379] Flow is switching to default flow due to incremental criteria not met. If you would like to alter this behaviour and have the flow terminate instead, please set the following parameter config_implementation {autoIncr.Synth.RejectBehavior Terminate}
INFO: [Synth 8-7079] Multithreading enabled for synth_design using a maximum of 7 processes.
INFO: [Synth 8-7078] Launching helper process for spawning children vivado processes
INFO: [Synth 8-7075] Helper process launched with PID 41135
---------------------------------------------------------------------------------
Starting RTL Elaboration : Time (s): cpu = 00:00:03 ; elapsed = 00:00:03 . Memory (MB): peak = 2168.633 ; gain = 441.711 ; free physical = 5258 ; free virtual = 7545
---------------------------------------------------------------------------------
INFO: [Synth 8-638] synthesizing module 'design_1_wrapper' [/home/rickg/Desktop/NoSync/AXISearch/sentinel_value/sentinel_value.gen/sources_1/bd/design_1/hdl/design_1_wrapper.vhd:42]
INFO: [Synth 8-3491] module 'design_1' declared at '/home/rickg/Desktop/NoSync/AXISearch/sentinel_value/sentinel_value.gen/sources_1/bd/design_1/synth/design_1.vhd:15' bound to instance 'design_1_i' of component 'design_1' [/home/rickg/Desktop/NoSync/AXISearch/sentinel_value/sentinel_value.gen/sources_1/bd/design_1/hdl/design_1_wrapper.vhd:70]
INFO: [Synth 8-638] synthesizing module 'design_1' [/home/rickg/Desktop/NoSync/AXISearch/sentinel_value/sentinel_value.gen/sources_1/bd/design_1/synth/design_1.vhd:46]
INFO: [Synth 8-3491] module 'design_1_axi_gpio_0_0' declared at '/home/rickg/Desktop/NoSync/AXISearch/sentinel_value/sentinel_value.runs/synth_1/.Xil/Vivado-41079-rick-g-laptop/realtime/design_1_axi_gpio_0_0_stub.vhdl:6' bound to instance 'axi_gpio_0' of component 'design_1_axi_gpio_0_0' [/home/rickg/Desktop/NoSync/AXISearch/sentinel_value/sentinel_value.gen/sources_1/bd/design_1/synth/design_1.vhd:571]
INFO: [Synth 8-638] synthesizing module 'design_1_axi_gpio_0_0' [/home/rickg/Desktop/NoSync/AXISearch/sentinel_value/sentinel_value.runs/synth_1/.Xil/Vivado-41079-rick-g-laptop/realtime/design_1_axi_gpio_0_0_stub.vhdl:39]
INFO: [Synth 8-3491] module 'design_1_axi_intc_0_1' declared at '/home/rickg/Desktop/NoSync/AXISearch/sentinel_value/sentinel_value.runs/synth_1/.Xil/Vivado-41079-rick-g-laptop/realtime/design_1_axi_intc_0_1_stub.vhdl:6' bound to instance 'axi_intc_0' of component 'design_1_axi_intc_0_1' [/home/rickg/Desktop/NoSync/AXISearch/sentinel_value/sentinel_value.gen/sources_1/bd/design_1/synth/design_1.vhd:595]
INFO: [Synth 8-638] synthesizing module 'design_1_axi_intc_0_1' [/home/rickg/Desktop/NoSync/AXISearch/sentinel_value/sentinel_value.runs/synth_1/.Xil/Vivado-41079-rick-g-laptop/realtime/design_1_axi_intc_0_1_stub.vhdl:39]
INFO: [Synth 8-3491] module 'design_1_processing_system7_0_2' declared at '/home/rickg/Desktop/NoSync/AXISearch/sentinel_value/sentinel_value.runs/synth_1/.Xil/Vivado-41079-rick-g-laptop/realtime/design_1_processing_system7_0_2_stub.vhdl:6' bound to instance 'processing_system7_0' of component 'design_1_processing_system7_0_2' [/home/rickg/Desktop/NoSync/AXISearch/sentinel_value/sentinel_value.gen/sources_1/bd/design_1/synth/design_1.vhd:619]
INFO: [Synth 8-638] synthesizing module 'design_1_processing_system7_0_2' [/home/rickg/Desktop/NoSync/AXISearch/sentinel_value/sentinel_value.runs/synth_1/.Xil/Vivado-41079-rick-g-laptop/realtime/design_1_processing_system7_0_2_stub.vhdl:84]
INFO: [Synth 8-3491] module 'design_1_rst_ps7_0_50M_2' declared at '/home/rickg/Desktop/NoSync/AXISearch/sentinel_value/sentinel_value.runs/synth_1/.Xil/Vivado-41079-rick-g-laptop/realtime/design_1_rst_ps7_0_50M_2_stub.vhdl:6' bound to instance 'rst_ps7_0_50M' of component 'design_1_rst_ps7_0_50M_2' [/home/rickg/Desktop/NoSync/AXISearch/sentinel_value/sentinel_value.gen/sources_1/bd/design_1/synth/design_1.vhd:688]
INFO: [Synth 8-638] synthesizing module 'design_1_rst_ps7_0_50M_2' [/home/rickg/Desktop/NoSync/AXISearch/sentinel_value/sentinel_value.runs/synth_1/.Xil/Vivado-41079-rick-g-laptop/realtime/design_1_rst_ps7_0_50M_2_stub.vhdl:28]
INFO: [Synth 8-3491] module 'design_1_sentinel_search_ip_0_3' declared at '/home/rickg/Desktop/NoSync/AXISearch/sentinel_value/sentinel_value.runs/synth_1/.Xil/Vivado-41079-rick-g-laptop/realtime/design_1_sentinel_search_ip_0_3_stub.vhdl:6' bound to instance 'sentinel_search_ip_0' of component 'design_1_sentinel_search_ip_0_3' [/home/rickg/Desktop/NoSync/AXISearch/sentinel_value/sentinel_value.gen/sources_1/bd/design_1/synth/design_1.vhd:701]
INFO: [Synth 8-638] synthesizing module 'design_1_sentinel_search_ip_0_3' [/home/rickg/Desktop/NoSync/AXISearch/sentinel_value/sentinel_value.runs/synth_1/.Xil/Vivado-41079-rick-g-laptop/realtime/design_1_sentinel_search_ip_0_3_stub.vhdl:59]
INFO: [Synth 8-3491] module 'design_1_smartconnect_0_1' declared at '/home/rickg/Desktop/NoSync/AXISearch/sentinel_value/sentinel_value.runs/synth_1/.Xil/Vivado-41079-rick-g-laptop/realtime/design_1_smartconnect_0_1_stub.vhdl:6' bound to instance 'smartconnect_0' of component 'design_1_smartconnect_0_1' [/home/rickg/Desktop/NoSync/AXISearch/sentinel_value/sentinel_value.gen/sources_1/bd/design_1/synth/design_1.vhd:747]
INFO: [Synth 8-638] synthesizing module 'design_1_smartconnect_0_1' [/home/rickg/Desktop/NoSync/AXISearch/sentinel_value/sentinel_value.runs/synth_1/.Xil/Vivado-41079-rick-g-laptop/realtime/design_1_smartconnect_0_1_stub.vhdl:179]
INFO: [Synth 8-3491] module 'design_1_xlconcat_0_1' declared at '/home/rickg/Desktop/NoSync/AXISearch/sentinel_value/sentinel_value.srcs/sources_1/bd/design_1/ip/design_1_xlconcat_0_1/synth/design_1_xlconcat_0_1.v:53' bound to instance 'xlconcat_0' of component 'design_1_xlconcat_0_1' [/home/rickg/Desktop/NoSync/AXISearch/sentinel_value/sentinel_value.gen/sources_1/bd/design_1/synth/design_1.vhd:911]
INFO: [Synth 8-6157] synthesizing module 'design_1_xlconcat_0_1' [/home/rickg/Desktop/NoSync/AXISearch/sentinel_value/sentinel_value.srcs/sources_1/bd/design_1/ip/design_1_xlconcat_0_1/synth/design_1_xlconcat_0_1.v:53]
INFO: [Synth 8-6157] synthesizing module 'xlconcat_v2_1_7_xlconcat' [/home/rickg/Desktop/NoSync/AXISearch/sentinel_value/sentinel_value.srcs/sources_1/bd/design_1/ipshared/9c1a/hdl/xlconcat_v2_1_vl_rfs.v:59]
INFO: [Synth 8-6155] done synthesizing module 'xlconcat_v2_1_7_xlconcat' (0#1) [/home/rickg/Desktop/NoSync/AXISearch/sentinel_value/sentinel_value.srcs/sources_1/bd/design_1/ipshared/9c1a/hdl/xlconcat_v2_1_vl_rfs.v:59]
INFO: [Synth 8-6155] done synthesizing module 'design_1_xlconcat_0_1' (0#1) [/home/rickg/Desktop/NoSync/AXISearch/sentinel_value/sentinel_value.srcs/sources_1/bd/design_1/ip/design_1_xlconcat_0_1/synth/design_1_xlconcat_0_1.v:53]
INFO: [Synth 8-256] done synthesizing module 'design_1' (0#1) [/home/rickg/Desktop/NoSync/AXISearch/sentinel_value/sentinel_value.gen/sources_1/bd/design_1/synth/design_1.vhd:46]
INFO: [Synth 8-256] done synthesizing module 'design_1_wrapper' (0#1) [/home/rickg/Desktop/NoSync/AXISearch/sentinel_value/sentinel_value.gen/sources_1/bd/design_1/hdl/design_1_wrapper.vhd:42]
WARNING: [Synth 8-7129] Port In2[0] in module xlconcat_v2_1_7_xlconcat is either unconnected or has no load
WARNING: [Synth 8-7129] Port In3[0] in module xlconcat_v2_1_7_xlconcat is either unconnected or has no load
WARNING: [Synth 8-7129] Port In4[0] in module xlconcat_v2_1_7_xlconcat is either unconnected or has no load
WARNING: [Synth 8-7129] Port In5[0] in module xlconcat_v2_1_7_xlconcat is either unconnected or has no load
WARNING: [Synth 8-7129] Port In6[0] in module xlconcat_v2_1_7_xlconcat is either unconnected or has no load
WARNING: [Synth 8-7129] Port In7[0] in module xlconcat_v2_1_7_xlconcat is either unconnected or has no load
WARNING: [Synth 8-7129] Port In8[0] in module xlconcat_v2_1_7_xlconcat is either unconnected or has no load
WARNING: [Synth 8-7129] Port In9[0] in module xlconcat_v2_1_7_xlconcat is either unconnected or has no load
WARNING: [Synth 8-7129] Port In10[0] in module xlconcat_v2_1_7_xlconcat is either unconnected or has no load
WARNING: [Synth 8-7129] Port In11[0] in module xlconcat_v2_1_7_xlconcat is either unconnected or has no load
WARNING: [Synth 8-7129] Port In12[0] in module xlconcat_v2_1_7_xlconcat is either unconnected or has no load
WARNING: [Synth 8-7129] Port In13[0] in module xlconcat_v2_1_7_xlconcat is either unconnected or has no load
WARNING: [Synth 8-7129] Port In14[0] in module xlconcat_v2_1_7_xlconcat is either unconnected or has no load
WARNING: [Synth 8-7129] Port In15[0] in module xlconcat_v2_1_7_xlconcat is either unconnected or has no load
WARNING: [Synth 8-7129] Port In16[0] in module xlconcat_v2_1_7_xlconcat is either unconnected or has no load
WARNING: [Synth 8-7129] Port In17[0] in module xlconcat_v2_1_7_xlconcat is either unconnected or has no load
WARNING: [Synth 8-7129] Port In18[0] in module xlconcat_v2_1_7_xlconcat is either unconnected or has no load
WARNING: [Synth 8-7129] Port In19[0] in module xlconcat_v2_1_7_xlconcat is either unconnected or has no load
WARNING: [Synth 8-7129] Port In20[0] in module xlconcat_v2_1_7_xlconcat is either unconnected or has no load
WARNING: [Synth 8-7129] Port In21[0] in module xlconcat_v2_1_7_xlconcat is either unconnected or has no load
WARNING: [Synth 8-7129] Port In22[0] in module xlconcat_v2_1_7_xlconcat is either unconnected or has no load
WARNING: [Synth 8-7129] Port In23[0] in module xlconcat_v2_1_7_xlconcat is either unconnected or has no load
WARNING: [Synth 8-7129] Port In24[0] in module xlconcat_v2_1_7_xlconcat is either unconnected or has no load
WARNING: [Synth 8-7129] Port In25[0] in module xlconcat_v2_1_7_xlconcat is either unconnected or has no load
WARNING: [Synth 8-7129] Port In26[0] in module xlconcat_v2_1_7_xlconcat is either unconnected or has no load
WARNING: [Synth 8-7129] Port In27[0] in module xlconcat_v2_1_7_xlconcat is either unconnected or has no load
WARNING: [Synth 8-7129] Port In28[0] in module xlconcat_v2_1_7_xlconcat is either unconnected or has no load
WARNING: [Synth 8-7129] Port In29[0] in module xlconcat_v2_1_7_xlconcat is either unconnected or has no load
WARNING: [Synth 8-7129] Port In30[0] in module xlconcat_v2_1_7_xlconcat is either unconnected or has no load
WARNING: [Synth 8-7129] Port In31[0] in module xlconcat_v2_1_7_xlconcat is either unconnected or has no load
WARNING: [Synth 8-7129] Port In32[0] in module xlconcat_v2_1_7_xlconcat is either unconnected or has no load
WARNING: [Synth 8-7129] Port In33[0] in module xlconcat_v2_1_7_xlconcat is either unconnected or has no load
WARNING: [Synth 8-7129] Port In34[0] in module xlconcat_v2_1_7_xlconcat is either unconnected or has no load
WARNING: [Synth 8-7129] Port In35[0] in module xlconcat_v2_1_7_xlconcat is either unconnected or has no load
WARNING: [Synth 8-7129] Port In36[0] in module xlconcat_v2_1_7_xlconcat is either unconnected or has no load
WARNING: [Synth 8-7129] Port In37[0] in module xlconcat_v2_1_7_xlconcat is either unconnected or has no load
WARNING: [Synth 8-7129] Port In38[0] in module xlconcat_v2_1_7_xlconcat is either unconnected or has no load
WARNING: [Synth 8-7129] Port In39[0] in module xlconcat_v2_1_7_xlconcat is either unconnected or has no load
WARNING: [Synth 8-7129] Port In40[0] in module xlconcat_v2_1_7_xlconcat is either unconnected or has no load
WARNING: [Synth 8-7129] Port In41[0] in module xlconcat_v2_1_7_xlconcat is either unconnected or has no load
WARNING: [Synth 8-7129] Port In42[0] in module xlconcat_v2_1_7_xlconcat is either unconnected or has no load
WARNING: [Synth 8-7129] Port In43[0] in module xlconcat_v2_1_7_xlconcat is either unconnected or has no load
WARNING: [Synth 8-7129] Port In44[0] in module xlconcat_v2_1_7_xlconcat is either unconnected or has no load
WARNING: [Synth 8-7129] Port In45[0] in module xlconcat_v2_1_7_xlconcat is either unconnected or has no load
WARNING: [Synth 8-7129] Port In46[0] in module xlconcat_v2_1_7_xlconcat is either unconnected or has no load
WARNING: [Synth 8-7129] Port In47[0] in module xlconcat_v2_1_7_xlconcat is either unconnected or has no load
WARNING: [Synth 8-7129] Port In48[0] in module xlconcat_v2_1_7_xlconcat is either unconnected or has no load
WARNING: [Synth 8-7129] Port In49[0] in module xlconcat_v2_1_7_xlconcat is either unconnected or has no load
WARNING: [Synth 8-7129] Port In50[0] in module xlconcat_v2_1_7_xlconcat is either unconnected or has no load
WARNING: [Synth 8-7129] Port In51[0] in module xlconcat_v2_1_7_xlconcat is either unconnected or has no load
WARNING: [Synth 8-7129] Port In52[0] in module xlconcat_v2_1_7_xlconcat is either unconnected or has no load
WARNING: [Synth 8-7129] Port In53[0] in module xlconcat_v2_1_7_xlconcat is either unconnected or has no load
WARNING: [Synth 8-7129] Port In54[0] in module xlconcat_v2_1_7_xlconcat is either unconnected or has no load
WARNING: [Synth 8-7129] Port In55[0] in module xlconcat_v2_1_7_xlconcat is either unconnected or has no load
WARNING: [Synth 8-7129] Port In56[0] in module xlconcat_v2_1_7_xlconcat is either unconnected or has no load
WARNING: [Synth 8-7129] Port In57[0] in module xlconcat_v2_1_7_xlconcat is either unconnected or has no load
WARNING: [Synth 8-7129] Port In58[0] in module xlconcat_v2_1_7_xlconcat is either unconnected or has no load
WARNING: [Synth 8-7129] Port In59[0] in module xlconcat_v2_1_7_xlconcat is either unconnected or has no load
WARNING: [Synth 8-7129] Port In60[0] in module xlconcat_v2_1_7_xlconcat is either unconnected or has no load
WARNING: [Synth 8-7129] Port In61[0] in module xlconcat_v2_1_7_xlconcat is either unconnected or has no load
WARNING: [Synth 8-7129] Port In62[0] in module xlconcat_v2_1_7_xlconcat is either unconnected or has no load
WARNING: [Synth 8-7129] Port In63[0] in module xlconcat_v2_1_7_xlconcat is either unconnected or has no load
WARNING: [Synth 8-7129] Port In64[0] in module xlconcat_v2_1_7_xlconcat is either unconnected or has no load
WARNING: [Synth 8-7129] Port In65[0] in module xlconcat_v2_1_7_xlconcat is either unconnected or has no load
WARNING: [Synth 8-7129] Port In66[0] in module xlconcat_v2_1_7_xlconcat is either unconnected or has no load
WARNING: [Synth 8-7129] Port In67[0] in module xlconcat_v2_1_7_xlconcat is either unconnected or has no load
WARNING: [Synth 8-7129] Port In68[0] in module xlconcat_v2_1_7_xlconcat is either unconnected or has no load
WARNING: [Synth 8-7129] Port In69[0] in module xlconcat_v2_1_7_xlconcat is either unconnected or has no load
WARNING: [Synth 8-7129] Port In70[0] in module xlconcat_v2_1_7_xlconcat is either unconnected or has no load
WARNING: [Synth 8-7129] Port In71[0] in module xlconcat_v2_1_7_xlconcat is either unconnected or has no load
WARNING: [Synth 8-7129] Port In72[0] in module xlconcat_v2_1_7_xlconcat is either unconnected or has no load
WARNING: [Synth 8-7129] Port In73[0] in module xlconcat_v2_1_7_xlconcat is either unconnected or has no load
WARNING: [Synth 8-7129] Port In74[0] in module xlconcat_v2_1_7_xlconcat is either unconnected or has no load
WARNING: [Synth 8-7129] Port In75[0] in module xlconcat_v2_1_7_xlconcat is either unconnected or has no load
WARNING: [Synth 8-7129] Port In76[0] in module xlconcat_v2_1_7_xlconcat is either unconnected or has no load
WARNING: [Synth 8-7129] Port In77[0] in module xlconcat_v2_1_7_xlconcat is either unconnected or has no load
WARNING: [Synth 8-7129] Port In78[0] in module xlconcat_v2_1_7_xlconcat is either unconnected or has no load
WARNING: [Synth 8-7129] Port In79[0] in module xlconcat_v2_1_7_xlconcat is either unconnected or has no load
WARNING: [Synth 8-7129] Port In80[0] in module xlconcat_v2_1_7_xlconcat is either unconnected or has no load
WARNING: [Synth 8-7129] Port In81[0] in module xlconcat_v2_1_7_xlconcat is either unconnected or has no load
WARNING: [Synth 8-7129] Port In82[0] in module xlconcat_v2_1_7_xlconcat is either unconnected or has no load
WARNING: [Synth 8-7129] Port In83[0] in module xlconcat_v2_1_7_xlconcat is either unconnected or has no load
WARNING: [Synth 8-7129] Port In84[0] in module xlconcat_v2_1_7_xlconcat is either unconnected or has no load
WARNING: [Synth 8-7129] Port In85[0] in module xlconcat_v2_1_7_xlconcat is either unconnected or has no load
WARNING: [Synth 8-7129] Port In86[0] in module xlconcat_v2_1_7_xlconcat is either unconnected or has no load
WARNING: [Synth 8-7129] Port In87[0] in module xlconcat_v2_1_7_xlconcat is either unconnected or has no load
WARNING: [Synth 8-7129] Port In88[0] in module xlconcat_v2_1_7_xlconcat is either unconnected or has no load
WARNING: [Synth 8-7129] Port In89[0] in module xlconcat_v2_1_7_xlconcat is either unconnected or has no load
WARNING: [Synth 8-7129] Port In90[0] in module xlconcat_v2_1_7_xlconcat is either unconnected or has no load
WARNING: [Synth 8-7129] Port In91[0] in module xlconcat_v2_1_7_xlconcat is either unconnected or has no load
WARNING: [Synth 8-7129] Port In92[0] in module xlconcat_v2_1_7_xlconcat is either unconnected or has no load
WARNING: [Synth 8-7129] Port In93[0] in module xlconcat_v2_1_7_xlconcat is either unconnected or has no load
WARNING: [Synth 8-7129] Port In94[0] in module xlconcat_v2_1_7_xlconcat is either unconnected or has no load
WARNING: [Synth 8-7129] Port In95[0] in module xlconcat_v2_1_7_xlconcat is either unconnected or has no load
WARNING: [Synth 8-7129] Port In96[0] in module xlconcat_v2_1_7_xlconcat is either unconnected or has no load
WARNING: [Synth 8-7129] Port In97[0] in module xlconcat_v2_1_7_xlconcat is either unconnected or has no load
WARNING: [Synth 8-7129] Port In98[0] in module xlconcat_v2_1_7_xlconcat is either unconnected or has no load
WARNING: [Synth 8-7129] Port In99[0] in module xlconcat_v2_1_7_xlconcat is either unconnected or has no load
WARNING: [Synth 8-7129] Port In100[0] in module xlconcat_v2_1_7_xlconcat is either unconnected or has no load
WARNING: [Synth 8-7129] Port In101[0] in module xlconcat_v2_1_7_xlconcat is either unconnected or has no load
INFO: [Common 17-14] Message 'Synth 8-7129' appears 100 times and further instances of the messages will be disabled. Use the Tcl command set_msg_config to change the current settings.
---------------------------------------------------------------------------------
Finished RTL Elaboration : Time (s): cpu = 00:00:04 ; elapsed = 00:00:04 . Memory (MB): peak = 2251.570 ; gain = 524.648 ; free physical = 5159 ; free virtual = 7447
---------------------------------------------------------------------------------
---------------------------------------------------------------------------------
Start Handling Custom Attributes
---------------------------------------------------------------------------------
---------------------------------------------------------------------------------
Finished Handling Custom Attributes : Time (s): cpu = 00:00:04 ; elapsed = 00:00:04 . Memory (MB): peak = 2269.383 ; gain = 542.461 ; free physical = 5159 ; free virtual = 7447
---------------------------------------------------------------------------------
---------------------------------------------------------------------------------
Finished RTL Optimization Phase 1 : Time (s): cpu = 00:00:04 ; elapsed = 00:00:04 . Memory (MB): peak = 2269.383 ; gain = 542.461 ; free physical = 5159 ; free virtual = 7447
---------------------------------------------------------------------------------
Netlist sorting complete. Time (s): cpu = 00:00:00.01 ; elapsed = 00:00:00 . Memory (MB): peak = 2269.383 ; gain = 0.000 ; free physical = 5159 ; free virtual = 7447
INFO: [Project 1-570] Preparing netlist for logic optimization

Processing XDC Constraints
Initializing timing engine
Parsing XDC File [/home/rickg/Desktop/NoSync/AXISearch/sentinel_value/sentinel_value.gen/sources_1/bd/design_1/ip/design_1_processing_system7_0_2/design_1_processing_system7_0_2/design_1_processing_system7_0_2_in_context.xdc] for cell 'design_1_i/processing_system7_0'
Finished Parsing XDC File [/home/rickg/Desktop/NoSync/AXISearch/sentinel_value/sentinel_value.gen/sources_1/bd/design_1/ip/design_1_processing_system7_0_2/design_1_processing_system7_0_2/design_1_processing_system7_0_2_in_context.xdc] for cell 'design_1_i/processing_system7_0'
Parsing XDC File [/home/rickg/Desktop/NoSync/AXISearch/sentinel_value/sentinel_value.gen/sources_1/bd/design_1/ip/design_1_sentinel_search_ip_0_3/design_1_sentinel_search_ip_0_3/design_1_sentinel_search_ip_0_3_in_context.xdc] for cell 'design_1_i/sentinel_search_ip_0'
Finished Parsing XDC File [/home/rickg/Desktop/NoSync/AXISearch/sentinel_value/sentinel_value.gen/sources_1/bd/design_1/ip/design_1_sentinel_search_ip_0_3/design_1_sentinel_search_ip_0_3/design_1_sentinel_search_ip_0_3_in_context.xdc] for cell 'design_1_i/sentinel_search_ip_0'
Parsing XDC File [/home/rickg/Desktop/NoSync/AXISearch/sentinel_value/sentinel_value.gen/sources_1/bd/design_1/ip/design_1_axi_gpio_0_0/design_1_axi_gpio_0_0/design_1_axi_gpio_0_0_in_context.xdc] for cell 'design_1_i/axi_gpio_0'
Finished Parsing XDC File [/home/rickg/Desktop/NoSync/AXISearch/sentinel_value/sentinel_value.gen/sources_1/bd/design_1/ip/design_1_axi_gpio_0_0/design_1_axi_gpio_0_0/design_1_axi_gpio_0_0_in_context.xdc] for cell 'design_1_i/axi_gpio_0'
Parsing XDC File [/home/rickg/Desktop/NoSync/AXISearch/sentinel_value/sentinel_value.gen/sources_1/bd/design_1/ip/design_1_axi_intc_0_1/design_1_axi_intc_0_1/design_1_axi_intc_0_1_in_context.xdc] for cell 'design_1_i/axi_intc_0'
Finished Parsing XDC File [/home/rickg/Desktop/NoSync/AXISearch/sentinel_value/sentinel_value.gen/sources_1/bd/design_1/ip/design_1_axi_intc_0_1/design_1_axi_intc_0_1/design_1_axi_intc_0_1_in_context.xdc] for cell 'design_1_i/axi_intc_0'
Parsing XDC File [/home/rickg/Desktop/NoSync/AXISearch/sentinel_value/sentinel_value.gen/sources_1/bd/design_1/ip/design_1_smartconnect_0_1/design_1_smartconnect_0_1/design_1_smartconnect_0_1_in_context.xdc] for cell 'design_1_i/smartconnect_0'
Finished Parsing XDC File [/home/rickg/Desktop/NoSync/AXISearch/sentinel_value/sentinel_value.gen/sources_1/bd/design_1/ip/design_1_smartconnect_0_1/design_1_smartconnect_0_1/design_1_smartconnect_0_1_in_context.xdc] for cell 'design_1_i/smartconnect_0'
Parsing XDC File [/home/rickg/Desktop/NoSync/AXISearch/sentinel_value/sentinel_value.gen/sources_1/bd/design_1/ip/design_1_rst_ps7_0_50M_2/design_1_rst_ps7_0_50M_2/design_1_rst_ps7_0_50M_2_in_context.xdc] for cell 'design_1_i/rst_ps7_0_50M'
Finished Parsing XDC File [/home/rickg/Desktop/NoSync/AXISearch/sentinel_value/sentinel_value.gen/sources_1/bd/design_1/ip/design_1_rst_ps7_0_50M_2/design_1_rst_ps7_0_50M_2/design_1_rst_ps7_0_50M_2_in_context.xdc] for cell 'design_1_i/rst_ps7_0_50M'
Parsing XDC File [/home/rickg/Desktop/NoSync/AXISearch/sentinel_value/sentinel_value.srcs/constrs_1/new/search_constr.xdc]
Finished Parsing XDC File [/home/rickg/Desktop/NoSync/AXISearch/sentinel_value/sentinel_value.srcs/constrs_1/new/search_constr.xdc]
INFO: [Project 1-236] Implementation specific constraints were found while reading constraint file [/home/rickg/Desktop/NoSync/AXISearch/sentinel_value/sentinel_value.srcs/constrs_1/new/search_constr.xdc]. These constraints will be ignored for synthesis but will be used in implementation. Impacted constraints are listed in the file [.Xil/design_1_wrapper_propImpl.xdc].
Resolution: To avoid this warning, move constraints listed in [.Xil/design_1_wrapper_propImpl.xdc] to another XDC file and exclude this new file from synthesis with the used_in_synthesis property (File Properties dialog in GUI) and re-run elaboration/synthesis.
Parsing XDC File [/home/rickg/Desktop/NoSync/AXISearch/sentinel_value/sentinel_value.runs/synth_1/dont_touch.xdc]
Finished Parsing XDC File [/home/rickg/Desktop/NoSync/AXISearch/sentinel_value/sentinel_value.runs/synth_1/dont_touch.xdc]
Completed Processing XDC Constraints

Netlist sorting complete. Time (s): cpu = 00:00:00 ; elapsed = 00:00:00 . Memory (MB): peak = 2312.371 ; gain = 0.000 ; free physical = 5160 ; free virtual = 7448
INFO: [Project 1-111] Unisim Transformation Summary:
No Unisim elements were transformed.

Constraint Validation Runtime : Time (s): cpu = 00:00:00.01 ; elapsed = 00:00:00 . Memory (MB): peak = 2312.406 ; gain = 0.000 ; free physical = 5160 ; free virtual = 7448
INFO: [Designutils 20-5440] No compile time benefit to using incremental synthesis; A full resynthesis will be run
INFO: [Designutils 20-4379] Flow is switching to default flow due to incremental criteria not met. If you would like to alter this behaviour and have the flow terminate instead, please set the following parameter config_implementation {autoIncr.Synth.RejectBehavior Terminate}
---------------------------------------------------------------------------------
Finished Constraint Validation : Time (s): cpu = 00:00:07 ; elapsed = 00:00:08 . Memory (MB): peak = 2312.406 ; gain = 585.484 ; free physical = 5176 ; free virtual = 7465
---------------------------------------------------------------------------------
---------------------------------------------------------------------------------
Start Loading Part and Timing Information
---------------------------------------------------------------------------------
Loading part: xc7z020clg400-1
---------------------------------------------------------------------------------
Finished Loading Part and Timing Information : Time (s): cpu = 00:00:07 ; elapsed = 00:00:08 . Memory (MB): peak = 2320.375 ; gain = 593.453 ; free physical = 5176 ; free virtual = 7465
---------------------------------------------------------------------------------
---------------------------------------------------------------------------------
Start Applying 'set_property' XDC Constraints
---------------------------------------------------------------------------------
---------------------------------------------------------------------------------
Finished applying 'set_property' XDC Constraints : Time (s): cpu = 00:00:08 ; elapsed = 00:00:08 . Memory (MB): peak = 2320.375 ; gain = 593.453 ; free physical = 5176 ; free virtual = 7465
---------------------------------------------------------------------------------
---------------------------------------------------------------------------------
Finished RTL Optimization Phase 2 : Time (s): cpu = 00:00:08 ; elapsed = 00:00:08 . Memory (MB): peak = 2320.375 ; gain = 593.453 ; free physical = 5176 ; free virtual = 7466
---------------------------------------------------------------------------------
---------------------------------------------------------------------------------
Start RTL Component Statistics 
---------------------------------------------------------------------------------
Detailed RTL Component Info : 
---------------------------------------------------------------------------------
Finished RTL Component Statistics 
---------------------------------------------------------------------------------
---------------------------------------------------------------------------------
Start Part Resource Summary
---------------------------------------------------------------------------------
Part Resources:
DSPs: 220 (col length:60)
BRAMs: 280 (col length: RAMB18 60 RAMB36 30)
---------------------------------------------------------------------------------
Finished Part Resource Summary
---------------------------------------------------------------------------------
---------------------------------------------------------------------------------
Start Cross Boundary and Area Optimization
---------------------------------------------------------------------------------
WARNING: [Synth 8-7080] Parallel synthesis criteria is not met
---------------------------------------------------------------------------------
Finished Cross Boundary and Area Optimization : Time (s): cpu = 00:00:09 ; elapsed = 00:00:09 . Memory (MB): peak = 2320.375 ; gain = 593.453 ; free physical = 5179 ; free virtual = 7473
---------------------------------------------------------------------------------
---------------------------------------------------------------------------------
Start Applying XDC Timing Constraints
---------------------------------------------------------------------------------
---------------------------------------------------------------------------------
Finished Applying XDC Timing Constraints : Time (s): cpu = 00:00:12 ; elapsed = 00:00:12 . Memory (MB): peak = 2415.375 ; gain = 688.453 ; free physical = 5095 ; free virtual = 7389
---------------------------------------------------------------------------------
---------------------------------------------------------------------------------
Start Timing Optimization
---------------------------------------------------------------------------------
---------------------------------------------------------------------------------
Finished Timing Optimization : Time (s): cpu = 00:00:12 ; elapsed = 00:00:12 . Memory (MB): peak = 2415.375 ; gain = 688.453 ; free physical = 5095 ; free virtual = 7389
---------------------------------------------------------------------------------
---------------------------------------------------------------------------------
Start Technology Mapping
---------------------------------------------------------------------------------
---------------------------------------------------------------------------------
Finished Technology Mapping : Time (s): cpu = 00:00:12 ; elapsed = 00:00:12 . Memory (MB): peak = 2425.391 ; gain = 698.469 ; free physical = 5087 ; free virtual = 7381
---------------------------------------------------------------------------------
---------------------------------------------------------------------------------
Start IO Insertion
---------------------------------------------------------------------------------
---------------------------------------------------------------------------------
Start Flattening Before IO Insertion
---------------------------------------------------------------------------------
---------------------------------------------------------------------------------
Finished Flattening Before IO Insertion
---------------------------------------------------------------------------------
---------------------------------------------------------------------------------
Start Final Netlist Cleanup
---------------------------------------------------------------------------------
---------------------------------------------------------------------------------
Finished Final Netlist Cleanup
---------------------------------------------------------------------------------
---------------------------------------------------------------------------------
Finished IO Insertion : Time (s): cpu = 00:00:14 ; elapsed = 00:00:14 . Memory (MB): peak = 2600.203 ; gain = 873.281 ; free physical = 4939 ; free virtual = 7233
---------------------------------------------------------------------------------
---------------------------------------------------------------------------------
Start Renaming Generated Instances
---------------------------------------------------------------------------------
---------------------------------------------------------------------------------
Finished Renaming Generated Instances : Time (s): cpu = 00:00:14 ; elapsed = 00:00:14 . Memory (MB): peak = 2600.203 ; gain = 873.281 ; free physical = 4939 ; free virtual = 7233
---------------------------------------------------------------------------------
---------------------------------------------------------------------------------
Start Rebuilding User Hierarchy
---------------------------------------------------------------------------------
---------------------------------------------------------------------------------
Finished Rebuilding User Hierarchy : Time (s): cpu = 00:00:14 ; elapsed = 00:00:14 . Memory (MB): peak = 2600.203 ; gain = 873.281 ; free physical = 4939 ; free virtual = 7233
---------------------------------------------------------------------------------
---------------------------------------------------------------------------------
Start Renaming Generated Ports
---------------------------------------------------------------------------------
---------------------------------------------------------------------------------
Finished Renaming Generated Ports : Time (s): cpu = 00:00:14 ; elapsed = 00:00:14 . Memory (MB): peak = 2600.203 ; gain = 873.281 ; free physical = 4939 ; free virtual = 7233
---------------------------------------------------------------------------------
---------------------------------------------------------------------------------
Start Handling Custom Attributes
---------------------------------------------------------------------------------
---------------------------------------------------------------------------------
Finished Handling Custom Attributes : Time (s): cpu = 00:00:14 ; elapsed = 00:00:14 . Memory (MB): peak = 2600.203 ; gain = 873.281 ; free physical = 4939 ; free virtual = 7233
---------------------------------------------------------------------------------
---------------------------------------------------------------------------------
Start Renaming Generated Nets
---------------------------------------------------------------------------------
---------------------------------------------------------------------------------
Finished Renaming Generated Nets : Time (s): cpu = 00:00:14 ; elapsed = 00:00:14 . Memory (MB): peak = 2600.203 ; gain = 873.281 ; free physical = 4939 ; free virtual = 7233
---------------------------------------------------------------------------------
---------------------------------------------------------------------------------
Start Writing Synthesis Report
---------------------------------------------------------------------------------

Report BlackBoxes: 
+------+--------------------------------+----------+
|      |BlackBox name                   |Instances |
+------+--------------------------------+----------+
|1     |design_1_axi_gpio_0_0           |         1|
|2     |design_1_axi_intc_0_1           |         1|
|3     |design_1_processing_system7_0_2 |         1|
|4     |design_1_rst_ps7_0_50M_2        |         1|
|5     |design_1_sentinel_search_ip_0_3 |         1|
|6     |design_1_smartconnect_0_1       |         1|
+------+--------------------------------+----------+

Report Cell Usage: 
+------+-------------------------------------+------+
|      |Cell                                 |Count |
+------+-------------------------------------+------+
|1     |design_1_axi_gpio_0_0_bbox           |     1|
|2     |design_1_axi_intc_0_1_bbox           |     1|
|3     |design_1_processing_system7_0_2_bbox |     1|
|4     |design_1_rst_ps7_0_50M_2_bbox        |     1|
|5     |design_1_sentinel_search_ip_0_3_bbox |     1|
|6     |design_1_smartconnect_0_1_bbox       |     1|
|7     |IBUF                                 |     4|
+------+-------------------------------------+------+
---------------------------------------------------------------------------------
Finished Writing Synthesis Report : Time (s): cpu = 00:00:14 ; elapsed = 00:00:14 . Memory (MB): peak = 2600.203 ; gain = 873.281 ; free physical = 4939 ; free virtual = 7233
---------------------------------------------------------------------------------
Synthesis finished with 0 errors, 0 critical warnings and 1 warnings.
Synthesis Optimization Runtime : Time (s): cpu = 00:00:13 ; elapsed = 00:00:13 . Memory (MB): peak = 2600.203 ; gain = 830.258 ; free physical = 4939 ; free virtual = 7233
Synthesis Optimization Complete : Time (s): cpu = 00:00:14 ; elapsed = 00:00:14 . Memory (MB): peak = 2600.211 ; gain = 873.281 ; free physical = 4939 ; free virtual = 7233
INFO: [Project 1-571] Translating synthesized netlist
Netlist sorting complete. Time (s): cpu = 00:00:00 ; elapsed = 00:00:00 . Memory (MB): peak = 2600.211 ; gain = 0.000 ; free physical = 4934 ; free virtual = 7228
INFO: [Project 1-570] Preparing netlist for logic optimization
INFO: [Opt 31-138] Pushed 0 inverter(s) to 0 load pin(s).
Netlist sorting complete. Time (s): cpu = 00:00:00 ; elapsed = 00:00:00 . Memory (MB): peak = 2600.211 ; gain = 0.000 ; free physical = 5095 ; free virtual = 7395
INFO: [Project 1-111] Unisim Transformation Summary:
No Unisim elements were transformed.

Synth Design complete | Checksum: 83ee5f95
INFO: [Common 17-83] Releasing license: Synthesis
46 Infos, 101 Warnings, 0 Critical Warnings and 0 Errors encountered.
synth_design completed successfully
synth_design: Time (s): cpu = 00:00:21 ; elapsed = 00:00:20 . Memory (MB): peak = 2600.238 ; gain = 1074.160 ; free physical = 5095 ; free virtual = 7395
INFO: [Common 17-2834] synth_design peak Physical Memory [PSS] (MB): overall = 1780.099; main = 1780.099; forked = 275.536
INFO: [Common 17-2834] synth_design peak Virtual Memory [VSS] (MB): overall = 3284.246; main = 2600.207; forked = 963.867
Write ShapeDB Complete: Time (s): cpu = 00:00:00 ; elapsed = 00:00:00 . Memory (MB): peak = 2624.215 ; gain = 0.000 ; free physical = 5094 ; free virtual = 7404
INFO: [Common 17-1381] The checkpoint '/home/rickg/Desktop/NoSync/AXISearch/sentinel_value/sentinel_value.runs/synth_1/design_1_wrapper.dcp' has been generated.
INFO: [Vivado 12-24828] Executing command : report_utilization -file design_1_wrapper_utilization_synth.rpt -pb design_1_wrapper_utilization_synth.pb
INFO: [Common 17-206] Exiting Vivado at Thu Feb 12 18:16:13 2026...
