
*** Running vivado
    with args -log design_1_sentinel_search_ip_0_3.vds -m64 -product Vivado -mode batch -messageDb vivado.pb -notrace -source design_1_sentinel_search_ip_0_3.tcl


****** Vivado v2025.1 (64-bit)
  **** SW Build 6140274 on Wed May 21 22:58:25 MDT 2025
  **** IP Build 6138677 on Thu May 22 03:10:11 MDT 2025
  **** SharedData Build 6139179 on Tue May 20 17:58:58 MDT 2025
  **** Start of session at: Thu Feb 12 18:14:59 2026
    ** Copyright 1986-2022 Xilinx, Inc. All Rights Reserved.
    ** Copyright 2022-2025 Advanced Micro Devices, Inc. All Rights Reserved.

source design_1_sentinel_search_ip_0_3.tcl -notrace
INFO: [IP_Flow 19-234] Refreshing IP repositories
INFO: [IP_Flow 19-1700] Loaded user IP repository '/home/rickg/Desktop/NoSync/AXISearch/ip_repo/sentinel_search_ip_2_0'.
INFO: [IP_Flow 19-2313] Loaded Vivado IP repository '/tools/Xilinx/2025.1/Vivado/data/ip'.
Command: synth_design -top design_1_sentinel_search_ip_0_3 -part xc7z020clg400-1 -incremental_mode off -mode out_of_context
Starting synth_design
Attempting to get a license for feature 'Synthesis' and/or device 'xc7z020'
INFO: [Common 17-349] Got license for feature 'Synthesis' and/or device 'xc7z020'
INFO: [Device 21-403] Loading part xc7z020clg400-1
INFO: [Synth 8-7079] Multithreading enabled for synth_design using a maximum of 7 processes.
INFO: [Synth 8-7078] Launching helper process for spawning children vivado processes
INFO: [Synth 8-7075] Helper process launched with PID 40601
---------------------------------------------------------------------------------
Starting RTL Elaboration : Time (s): cpu = 00:00:03 ; elapsed = 00:00:03 . Memory (MB): peak = 2134.945 ; gain = 442.711 ; free physical = 5279 ; free virtual = 7550
---------------------------------------------------------------------------------
INFO: [Synth 8-638] synthesizing module 'design_1_sentinel_search_ip_0_3' [/home/rickg/Desktop/NoSync/AXISearch/sentinel_value/sentinel_value.gen/sources_1/bd/design_1/ip/design_1_sentinel_search_ip_0_3/synth/design_1_sentinel_search_ip_0_3.vhd:104]
	Parameter C_S00_AXI_DATA_WIDTH bound to: 32 - type: integer 
	Parameter C_S00_AXI_ADDR_WIDTH bound to: 10 - type: integer 
	Parameter C_S_AXI_INTR_DATA_WIDTH bound to: 32 - type: integer 
	Parameter C_S_AXI_INTR_ADDR_WIDTH bound to: 5 - type: integer 
	Parameter C_NUM_OF_INTR bound to: 1 - type: integer 
	Parameter C_INTR_SENSITIVITY bound to: 32'b11111111111111111111111111111111 
	Parameter C_INTR_ACTIVE_STATE bound to: 32'b11111111111111111111111111111111 
	Parameter C_IRQ_SENSITIVITY bound to: 1 - type: integer 
	Parameter C_IRQ_ACTIVE_STATE bound to: 1 - type: integer 
INFO: [Synth 8-3491] module 'sentinel_search_ip' declared at '/home/rickg/Desktop/NoSync/AXISearch/sentinel_value/sentinel_value.gen/sources_1/bd/design_1/ipshared/25f6/hdl/sentinel_search_ip.vhd:5' bound to instance 'U0' of component 'sentinel_search_ip' [/home/rickg/Desktop/NoSync/AXISearch/sentinel_value/sentinel_value.gen/sources_1/bd/design_1/ip/design_1_sentinel_search_ip_0_3/synth/design_1_sentinel_search_ip_0_3.vhd:232]
INFO: [Synth 8-638] synthesizing module 'sentinel_search_ip' [/home/rickg/Desktop/NoSync/AXISearch/sentinel_value/sentinel_value.gen/sources_1/bd/design_1/ipshared/25f6/hdl/sentinel_search_ip.vhd:82]
	Parameter C_S_AXI_DATA_WIDTH bound to: 32 - type: integer 
	Parameter C_S_AXI_ADDR_WIDTH bound to: 10 - type: integer 
INFO: [Synth 8-3491] module 'sentinel_search_ip_slave_lite_v2_0_S00_AXI' declared at '/home/rickg/Desktop/NoSync/AXISearch/sentinel_value/sentinel_value.gen/sources_1/bd/design_1/ipshared/25f6/hdl/sentinel_search_ip_slave_lite_v2_0_S00_AXI.vhd:5' bound to instance 'sentinel_search_ip_slave_lite_v2_0_S00_AXI_inst' of component 'sentinel_search_ip_slave_lite_v2_0_S00_AXI' [/home/rickg/Desktop/NoSync/AXISearch/sentinel_value/sentinel_value.gen/sources_1/bd/design_1/ipshared/25f6/hdl/sentinel_search_ip.vhd:166]
INFO: [Synth 8-638] synthesizing module 'sentinel_search_ip_slave_lite_v2_0_S00_AXI' [/home/rickg/Desktop/NoSync/AXISearch/sentinel_value/sentinel_value.gen/sources_1/bd/design_1/ipshared/25f6/hdl/sentinel_search_ip_slave_lite_v2_0_S00_AXI.vhd:87]
WARNING: [Synth 8-614] signal 'mem_logic' is read in the process but is not in the sensitivity list [/home/rickg/Desktop/NoSync/AXISearch/sentinel_value/sentinel_value.gen/sources_1/bd/design_1/ipshared/25f6/hdl/sentinel_search_ip_slave_lite_v2_0_S00_AXI.vhd:221]
INFO: [Synth 8-256] done synthesizing module 'sentinel_search_ip_slave_lite_v2_0_S00_AXI' (0#1) [/home/rickg/Desktop/NoSync/AXISearch/sentinel_value/sentinel_value.gen/sources_1/bd/design_1/ipshared/25f6/hdl/sentinel_search_ip_slave_lite_v2_0_S00_AXI.vhd:87]
	Parameter C_S_AXI_DATA_WIDTH bound to: 32 - type: integer 
	Parameter C_S_AXI_ADDR_WIDTH bound to: 5 - type: integer 
	Parameter C_NUM_OF_INTR bound to: 1 - type: integer 
	Parameter C_INTR_SENSITIVITY bound to: 32'b11111111111111111111111111111111 
	Parameter C_INTR_ACTIVE_STATE bound to: 32'b11111111111111111111111111111111 
	Parameter C_IRQ_SENSITIVITY bound to: 1 - type: integer 
	Parameter C_IRQ_ACTIVE_STATE bound to: 1 - type: integer 
INFO: [Synth 8-3491] module 'sentinel_search_ip_slave_lite_inter_v2_0_S_AXI_INTR' declared at '/home/rickg/Desktop/NoSync/AXISearch/sentinel_value/sentinel_value.gen/sources_1/bd/design_1/ipshared/25f6/hdl/sentinel_search_ip_slave_lite_inter_v2_0_S_AXI_INTR.vhd:5' bound to instance 'sentinel_search_ip_slave_lite_inter_v2_0_S_AXI_INTR_inst' of component 'sentinel_search_ip_slave_lite_inter_v2_0_S_AXI_INTR' [/home/rickg/Desktop/NoSync/AXISearch/sentinel_value/sentinel_value.gen/sources_1/bd/design_1/ipshared/25f6/hdl/sentinel_search_ip.vhd:197]
INFO: [Synth 8-638] synthesizing module 'sentinel_search_ip_slave_lite_inter_v2_0_S_AXI_INTR' [/home/rickg/Desktop/NoSync/AXISearch/sentinel_value/sentinel_value.gen/sources_1/bd/design_1/ipshared/25f6/hdl/sentinel_search_ip_slave_lite_inter_v2_0_S_AXI_INTR.vhd:99]
INFO: [Synth 8-256] done synthesizing module 'sentinel_search_ip_slave_lite_inter_v2_0_S_AXI_INTR' (0#1) [/home/rickg/Desktop/NoSync/AXISearch/sentinel_value/sentinel_value.gen/sources_1/bd/design_1/ipshared/25f6/hdl/sentinel_search_ip_slave_lite_inter_v2_0_S_AXI_INTR.vhd:99]
INFO: [Synth 8-256] done synthesizing module 'sentinel_search_ip' (0#1) [/home/rickg/Desktop/NoSync/AXISearch/sentinel_value/sentinel_value.gen/sources_1/bd/design_1/ipshared/25f6/hdl/sentinel_search_ip.vhd:82]
INFO: [Synth 8-256] done synthesizing module 'design_1_sentinel_search_ip_0_3' (0#1) [/home/rickg/Desktop/NoSync/AXISearch/sentinel_value/sentinel_value.gen/sources_1/bd/design_1/ip/design_1_sentinel_search_ip_0_3/synth/design_1_sentinel_search_ip_0_3.vhd:104]
WARNING: [Synth 8-6014] Unused sequential element intr_all_ff_reg was removed.  [/home/rickg/Desktop/NoSync/AXISearch/sentinel_value/sentinel_value.gen/sources_1/bd/design_1/ipshared/25f6/hdl/sentinel_search_ip_slave_lite_inter_v2_0_S_AXI_INTR.vhd:536]
WARNING: [Synth 8-7129] Port S_AXI_AWPROT[2] in module sentinel_search_ip_slave_lite_inter_v2_0_S_AXI_INTR is either unconnected or has no load
WARNING: [Synth 8-7129] Port S_AXI_AWPROT[1] in module sentinel_search_ip_slave_lite_inter_v2_0_S_AXI_INTR is either unconnected or has no load
WARNING: [Synth 8-7129] Port S_AXI_AWPROT[0] in module sentinel_search_ip_slave_lite_inter_v2_0_S_AXI_INTR is either unconnected or has no load
WARNING: [Synth 8-7129] Port S_AXI_WDATA[31] in module sentinel_search_ip_slave_lite_inter_v2_0_S_AXI_INTR is either unconnected or has no load
WARNING: [Synth 8-7129] Port S_AXI_WDATA[30] in module sentinel_search_ip_slave_lite_inter_v2_0_S_AXI_INTR is either unconnected or has no load
WARNING: [Synth 8-7129] Port S_AXI_WDATA[29] in module sentinel_search_ip_slave_lite_inter_v2_0_S_AXI_INTR is either unconnected or has no load
WARNING: [Synth 8-7129] Port S_AXI_WDATA[28] in module sentinel_search_ip_slave_lite_inter_v2_0_S_AXI_INTR is either unconnected or has no load
WARNING: [Synth 8-7129] Port S_AXI_WDATA[27] in module sentinel_search_ip_slave_lite_inter_v2_0_S_AXI_INTR is either unconnected or has no load
WARNING: [Synth 8-7129] Port S_AXI_WDATA[26] in module sentinel_search_ip_slave_lite_inter_v2_0_S_AXI_INTR is either unconnected or has no load
WARNING: [Synth 8-7129] Port S_AXI_WDATA[25] in module sentinel_search_ip_slave_lite_inter_v2_0_S_AXI_INTR is either unconnected or has no load
WARNING: [Synth 8-7129] Port S_AXI_WDATA[24] in module sentinel_search_ip_slave_lite_inter_v2_0_S_AXI_INTR is either unconnected or has no load
WARNING: [Synth 8-7129] Port S_AXI_WDATA[23] in module sentinel_search_ip_slave_lite_inter_v2_0_S_AXI_INTR is either unconnected or has no load
WARNING: [Synth 8-7129] Port S_AXI_WDATA[22] in module sentinel_search_ip_slave_lite_inter_v2_0_S_AXI_INTR is either unconnected or has no load
WARNING: [Synth 8-7129] Port S_AXI_WDATA[21] in module sentinel_search_ip_slave_lite_inter_v2_0_S_AXI_INTR is either unconnected or has no load
WARNING: [Synth 8-7129] Port S_AXI_WDATA[20] in module sentinel_search_ip_slave_lite_inter_v2_0_S_AXI_INTR is either unconnected or has no load
WARNING: [Synth 8-7129] Port S_AXI_WDATA[19] in module sentinel_search_ip_slave_lite_inter_v2_0_S_AXI_INTR is either unconnected or has no load
WARNING: [Synth 8-7129] Port S_AXI_WDATA[18] in module sentinel_search_ip_slave_lite_inter_v2_0_S_AXI_INTR is either unconnected or has no load
WARNING: [Synth 8-7129] Port S_AXI_WDATA[17] in module sentinel_search_ip_slave_lite_inter_v2_0_S_AXI_INTR is either unconnected or has no load
WARNING: [Synth 8-7129] Port S_AXI_WDATA[16] in module sentinel_search_ip_slave_lite_inter_v2_0_S_AXI_INTR is either unconnected or has no load
WARNING: [Synth 8-7129] Port S_AXI_WDATA[15] in module sentinel_search_ip_slave_lite_inter_v2_0_S_AXI_INTR is either unconnected or has no load
WARNING: [Synth 8-7129] Port S_AXI_WDATA[14] in module sentinel_search_ip_slave_lite_inter_v2_0_S_AXI_INTR is either unconnected or has no load
WARNING: [Synth 8-7129] Port S_AXI_WDATA[13] in module sentinel_search_ip_slave_lite_inter_v2_0_S_AXI_INTR is either unconnected or has no load
WARNING: [Synth 8-7129] Port S_AXI_WDATA[12] in module sentinel_search_ip_slave_lite_inter_v2_0_S_AXI_INTR is either unconnected or has no load
WARNING: [Synth 8-7129] Port S_AXI_WDATA[11] in module sentinel_search_ip_slave_lite_inter_v2_0_S_AXI_INTR is either unconnected or has no load
WARNING: [Synth 8-7129] Port S_AXI_WDATA[10] in module sentinel_search_ip_slave_lite_inter_v2_0_S_AXI_INTR is either unconnected or has no load
WARNING: [Synth 8-7129] Port S_AXI_WDATA[9] in module sentinel_search_ip_slave_lite_inter_v2_0_S_AXI_INTR is either unconnected or has no load
WARNING: [Synth 8-7129] Port S_AXI_WDATA[8] in module sentinel_search_ip_slave_lite_inter_v2_0_S_AXI_INTR is either unconnected or has no load
WARNING: [Synth 8-7129] Port S_AXI_WDATA[7] in module sentinel_search_ip_slave_lite_inter_v2_0_S_AXI_INTR is either unconnected or has no load
WARNING: [Synth 8-7129] Port S_AXI_WDATA[6] in module sentinel_search_ip_slave_lite_inter_v2_0_S_AXI_INTR is either unconnected or has no load
WARNING: [Synth 8-7129] Port S_AXI_WDATA[5] in module sentinel_search_ip_slave_lite_inter_v2_0_S_AXI_INTR is either unconnected or has no load
WARNING: [Synth 8-7129] Port S_AXI_WDATA[4] in module sentinel_search_ip_slave_lite_inter_v2_0_S_AXI_INTR is either unconnected or has no load
WARNING: [Synth 8-7129] Port S_AXI_WDATA[3] in module sentinel_search_ip_slave_lite_inter_v2_0_S_AXI_INTR is either unconnected or has no load
WARNING: [Synth 8-7129] Port S_AXI_WDATA[2] in module sentinel_search_ip_slave_lite_inter_v2_0_S_AXI_INTR is either unconnected or has no load
WARNING: [Synth 8-7129] Port S_AXI_WDATA[1] in module sentinel_search_ip_slave_lite_inter_v2_0_S_AXI_INTR is either unconnected or has no load
WARNING: [Synth 8-7129] Port S_AXI_WSTRB[3] in module sentinel_search_ip_slave_lite_inter_v2_0_S_AXI_INTR is either unconnected or has no load
WARNING: [Synth 8-7129] Port S_AXI_WSTRB[2] in module sentinel_search_ip_slave_lite_inter_v2_0_S_AXI_INTR is either unconnected or has no load
WARNING: [Synth 8-7129] Port S_AXI_WSTRB[1] in module sentinel_search_ip_slave_lite_inter_v2_0_S_AXI_INTR is either unconnected or has no load
WARNING: [Synth 8-7129] Port S_AXI_WSTRB[0] in module sentinel_search_ip_slave_lite_inter_v2_0_S_AXI_INTR is either unconnected or has no load
WARNING: [Synth 8-7129] Port S_AXI_ARPROT[2] in module sentinel_search_ip_slave_lite_inter_v2_0_S_AXI_INTR is either unconnected or has no load
WARNING: [Synth 8-7129] Port S_AXI_ARPROT[1] in module sentinel_search_ip_slave_lite_inter_v2_0_S_AXI_INTR is either unconnected or has no load
WARNING: [Synth 8-7129] Port S_AXI_ARPROT[0] in module sentinel_search_ip_slave_lite_inter_v2_0_S_AXI_INTR is either unconnected or has no load
WARNING: [Synth 8-7129] Port S_AXI_AWPROT[2] in module sentinel_search_ip_slave_lite_v2_0_S00_AXI is either unconnected or has no load
WARNING: [Synth 8-7129] Port S_AXI_AWPROT[1] in module sentinel_search_ip_slave_lite_v2_0_S00_AXI is either unconnected or has no load
WARNING: [Synth 8-7129] Port S_AXI_AWPROT[0] in module sentinel_search_ip_slave_lite_v2_0_S00_AXI is either unconnected or has no load
WARNING: [Synth 8-7129] Port S_AXI_ARPROT[2] in module sentinel_search_ip_slave_lite_v2_0_S00_AXI is either unconnected or has no load
WARNING: [Synth 8-7129] Port S_AXI_ARPROT[1] in module sentinel_search_ip_slave_lite_v2_0_S00_AXI is either unconnected or has no load
WARNING: [Synth 8-7129] Port S_AXI_ARPROT[0] in module sentinel_search_ip_slave_lite_v2_0_S00_AXI is either unconnected or has no load
---------------------------------------------------------------------------------
Finished RTL Elaboration : Time (s): cpu = 00:00:04 ; elapsed = 00:00:04 . Memory (MB): peak = 2334.883 ; gain = 642.648 ; free physical = 5063 ; free virtual = 7336
---------------------------------------------------------------------------------
---------------------------------------------------------------------------------
Start Handling Custom Attributes
---------------------------------------------------------------------------------
---------------------------------------------------------------------------------
Finished Handling Custom Attributes : Time (s): cpu = 00:00:04 ; elapsed = 00:00:05 . Memory (MB): peak = 2340.820 ; gain = 648.586 ; free physical = 5063 ; free virtual = 7337
---------------------------------------------------------------------------------
---------------------------------------------------------------------------------
Finished RTL Optimization Phase 1 : Time (s): cpu = 00:00:04 ; elapsed = 00:00:05 . Memory (MB): peak = 2340.820 ; gain = 648.586 ; free physical = 5063 ; free virtual = 7337
---------------------------------------------------------------------------------
Netlist sorting complete. Time (s): cpu = 00:00:00.07 ; elapsed = 00:00:00.07 . Memory (MB): peak = 2340.820 ; gain = 0.000 ; free physical = 5071 ; free virtual = 7345
INFO: [Project 1-570] Preparing netlist for logic optimization

Processing XDC Constraints
Initializing timing engine
Completed Processing XDC Constraints

Netlist sorting complete. Time (s): cpu = 00:00:00 ; elapsed = 00:00:00 . Memory (MB): peak = 2449.285 ; gain = 0.000 ; free physical = 5081 ; free virtual = 7354
INFO: [Project 1-111] Unisim Transformation Summary:
No Unisim elements were transformed.

Constraint Validation Runtime : Time (s): cpu = 00:00:00.25 ; elapsed = 00:00:00.07 . Memory (MB): peak = 2449.320 ; gain = 0.000 ; free physical = 5083 ; free virtual = 7356
INFO: [Designutils 20-5008] Incremental synthesis strategy off
---------------------------------------------------------------------------------
Finished Constraint Validation : Time (s): cpu = 00:00:09 ; elapsed = 00:00:09 . Memory (MB): peak = 2449.320 ; gain = 757.086 ; free physical = 5095 ; free virtual = 7368
---------------------------------------------------------------------------------
---------------------------------------------------------------------------------
Start Loading Part and Timing Information
---------------------------------------------------------------------------------
Loading part: xc7z020clg400-1
---------------------------------------------------------------------------------
Finished Loading Part and Timing Information : Time (s): cpu = 00:00:09 ; elapsed = 00:00:09 . Memory (MB): peak = 2457.289 ; gain = 765.055 ; free physical = 5095 ; free virtual = 7368
---------------------------------------------------------------------------------
---------------------------------------------------------------------------------
Start Applying 'set_property' XDC Constraints
---------------------------------------------------------------------------------
---------------------------------------------------------------------------------
Finished applying 'set_property' XDC Constraints : Time (s): cpu = 00:00:09 ; elapsed = 00:00:09 . Memory (MB): peak = 2457.289 ; gain = 765.055 ; free physical = 5095 ; free virtual = 7368
---------------------------------------------------------------------------------
INFO: [Synth 8-802] inferred FSM for state register 'state_write_reg' in module 'sentinel_search_ip_slave_lite_v2_0_S00_AXI'
INFO: [Synth 8-802] inferred FSM for state register 'state_read_reg' in module 'sentinel_search_ip_slave_lite_v2_0_S00_AXI'
---------------------------------------------------------------------------------------------------
                   State |                     New Encoding |                Previous Encoding 
---------------------------------------------------------------------------------------------------
                    idle |                              001 |                               00
                   waddr |                              010 |                               10
                   wdata |                              100 |                               11
---------------------------------------------------------------------------------------------------
INFO: [Synth 8-3354] encoded FSM with state register 'state_write_reg' using encoding 'one-hot' in module 'sentinel_search_ip_slave_lite_v2_0_S00_AXI'
---------------------------------------------------------------------------------------------------
                   State |                     New Encoding |                Previous Encoding 
---------------------------------------------------------------------------------------------------
                    idle |                               00 |                               00
                   raddr |                               01 |                               10
                   rdata |                               10 |                               11
---------------------------------------------------------------------------------------------------
INFO: [Synth 8-3354] encoded FSM with state register 'state_read_reg' using encoding 'sequential' in module 'sentinel_search_ip_slave_lite_v2_0_S00_AXI'
---------------------------------------------------------------------------------
Finished RTL Optimization Phase 2 : Time (s): cpu = 00:00:17 ; elapsed = 00:00:17 . Memory (MB): peak = 3584.289 ; gain = 1892.055 ; free physical = 3962 ; free virtual = 6237
---------------------------------------------------------------------------------
---------------------------------------------------------------------------------
Start RTL Component Statistics 
---------------------------------------------------------------------------------
Detailed RTL Component Info : 
+---Adders : 
	   2 Input    7 Bit       Adders := 1     
	   2 Input    4 Bit       Adders := 1     
+---Registers : 
	               32 Bit    Registers := 132   
	               10 Bit    Registers := 2     
	                7 Bit    Registers := 1     
	                5 Bit    Registers := 2     
	                4 Bit    Registers := 1     
	                2 Bit    Registers := 3     
	                1 Bit    Registers := 24    
+---Muxes : 
	   2 Input   32 Bit        Muxes := 138   
	   6 Input   32 Bit        Muxes := 132   
	   3 Input   32 Bit        Muxes := 1     
	   2 Input    8 Bit        Muxes := 513   
	   3 Input    3 Bit        Muxes := 1     
	   2 Input    3 Bit        Muxes := 3     
	   3 Input    2 Bit        Muxes := 1     
	   2 Input    2 Bit        Muxes := 2     
	   2 Input    1 Bit        Muxes := 10    
	   3 Input    1 Bit        Muxes := 12    
---------------------------------------------------------------------------------
Finished RTL Component Statistics 
---------------------------------------------------------------------------------
---------------------------------------------------------------------------------
Start Part Resource Summary
---------------------------------------------------------------------------------
Part Resources:
DSPs: 220 (col length:60)
BRAMs: 280 (col length: RAMB18 60 RAMB36 30)
---------------------------------------------------------------------------------
Finished Part Resource Summary
---------------------------------------------------------------------------------
---------------------------------------------------------------------------------
Start Cross Boundary and Area Optimization
---------------------------------------------------------------------------------
WARNING: [Synth 8-7080] Parallel synthesis criteria is not met
INFO: [Synth 8-3917] design design_1_sentinel_search_ip_0_3 has port s_axi_intr_rdata[31] driven by constant 0
INFO: [Synth 8-3917] design design_1_sentinel_search_ip_0_3 has port s_axi_intr_rdata[30] driven by constant 0
INFO: [Synth 8-3917] design design_1_sentinel_search_ip_0_3 has port s_axi_intr_rdata[29] driven by constant 0
INFO: [Synth 8-3917] design design_1_sentinel_search_ip_0_3 has port s_axi_intr_rdata[28] driven by constant 0
INFO: [Synth 8-3917] design design_1_sentinel_search_ip_0_3 has port s_axi_intr_rdata[27] driven by constant 0
INFO: [Synth 8-3917] design design_1_sentinel_search_ip_0_3 has port s_axi_intr_rdata[26] driven by constant 0
INFO: [Synth 8-3917] design design_1_sentinel_search_ip_0_3 has port s_axi_intr_rdata[25] driven by constant 0
INFO: [Synth 8-3917] design design_1_sentinel_search_ip_0_3 has port s_axi_intr_rdata[24] driven by constant 0
INFO: [Synth 8-3917] design design_1_sentinel_search_ip_0_3 has port s_axi_intr_rdata[23] driven by constant 0
INFO: [Synth 8-3917] design design_1_sentinel_search_ip_0_3 has port s_axi_intr_rdata[22] driven by constant 0
INFO: [Synth 8-3917] design design_1_sentinel_search_ip_0_3 has port s_axi_intr_rdata[21] driven by constant 0
INFO: [Synth 8-3917] design design_1_sentinel_search_ip_0_3 has port s_axi_intr_rdata[20] driven by constant 0
INFO: [Synth 8-3917] design design_1_sentinel_search_ip_0_3 has port s_axi_intr_rdata[19] driven by constant 0
INFO: [Synth 8-3917] design design_1_sentinel_search_ip_0_3 has port s_axi_intr_rdata[18] driven by constant 0
INFO: [Synth 8-3917] design design_1_sentinel_search_ip_0_3 has port s_axi_intr_rdata[17] driven by constant 0
INFO: [Synth 8-3917] design design_1_sentinel_search_ip_0_3 has port s_axi_intr_rdata[16] driven by constant 0
INFO: [Synth 8-3917] design design_1_sentinel_search_ip_0_3 has port s_axi_intr_rdata[15] driven by constant 0
INFO: [Synth 8-3917] design design_1_sentinel_search_ip_0_3 has port s_axi_intr_rdata[14] driven by constant 0
INFO: [Synth 8-3917] design design_1_sentinel_search_ip_0_3 has port s_axi_intr_rdata[13] driven by constant 0
INFO: [Synth 8-3917] design design_1_sentinel_search_ip_0_3 has port s_axi_intr_rdata[12] driven by constant 0
INFO: [Synth 8-3917] design design_1_sentinel_search_ip_0_3 has port s_axi_intr_rdata[11] driven by constant 0
INFO: [Synth 8-3917] design design_1_sentinel_search_ip_0_3 has port s_axi_intr_rdata[10] driven by constant 0
INFO: [Synth 8-3917] design design_1_sentinel_search_ip_0_3 has port s_axi_intr_rdata[9] driven by constant 0
INFO: [Synth 8-3917] design design_1_sentinel_search_ip_0_3 has port s_axi_intr_rdata[8] driven by constant 0
INFO: [Synth 8-3917] design design_1_sentinel_search_ip_0_3 has port s_axi_intr_rdata[7] driven by constant 0
INFO: [Synth 8-3917] design design_1_sentinel_search_ip_0_3 has port s_axi_intr_rdata[6] driven by constant 0
INFO: [Synth 8-3917] design design_1_sentinel_search_ip_0_3 has port s_axi_intr_rdata[5] driven by constant 0
INFO: [Synth 8-3917] design design_1_sentinel_search_ip_0_3 has port s_axi_intr_rdata[4] driven by constant 0
INFO: [Synth 8-3917] design design_1_sentinel_search_ip_0_3 has port s_axi_intr_rdata[3] driven by constant 0
INFO: [Synth 8-3917] design design_1_sentinel_search_ip_0_3 has port s_axi_intr_rdata[2] driven by constant 0
INFO: [Synth 8-3917] design design_1_sentinel_search_ip_0_3 has port s_axi_intr_rdata[1] driven by constant 0
WARNING: [Synth 8-7129] Port S_AXI_AWPROT[2] in module sentinel_search_ip_slave_lite_v2_0_S00_AXI is either unconnected or has no load
WARNING: [Synth 8-7129] Port S_AXI_AWPROT[1] in module sentinel_search_ip_slave_lite_v2_0_S00_AXI is either unconnected or has no load
WARNING: [Synth 8-7129] Port S_AXI_AWPROT[0] in module sentinel_search_ip_slave_lite_v2_0_S00_AXI is either unconnected or has no load
WARNING: [Synth 8-7129] Port S_AXI_ARPROT[2] in module sentinel_search_ip_slave_lite_v2_0_S00_AXI is either unconnected or has no load
WARNING: [Synth 8-7129] Port S_AXI_ARPROT[1] in module sentinel_search_ip_slave_lite_v2_0_S00_AXI is either unconnected or has no load
WARNING: [Synth 8-7129] Port S_AXI_ARPROT[0] in module sentinel_search_ip_slave_lite_v2_0_S00_AXI is either unconnected or has no load
WARNING: [Synth 8-7129] Port s_axi_intr_awprot[2] in module design_1_sentinel_search_ip_0_3 is either unconnected or has no load
WARNING: [Synth 8-7129] Port s_axi_intr_awprot[1] in module design_1_sentinel_search_ip_0_3 is either unconnected or has no load
WARNING: [Synth 8-7129] Port s_axi_intr_awprot[0] in module design_1_sentinel_search_ip_0_3 is either unconnected or has no load
WARNING: [Synth 8-7129] Port s_axi_intr_wdata[31] in module design_1_sentinel_search_ip_0_3 is either unconnected or has no load
WARNING: [Synth 8-7129] Port s_axi_intr_wdata[30] in module design_1_sentinel_search_ip_0_3 is either unconnected or has no load
WARNING: [Synth 8-7129] Port s_axi_intr_wdata[29] in module design_1_sentinel_search_ip_0_3 is either unconnected or has no load
WARNING: [Synth 8-7129] Port s_axi_intr_wdata[28] in module design_1_sentinel_search_ip_0_3 is either unconnected or has no load
WARNING: [Synth 8-7129] Port s_axi_intr_wdata[27] in module design_1_sentinel_search_ip_0_3 is either unconnected or has no load
WARNING: [Synth 8-7129] Port s_axi_intr_wdata[26] in module design_1_sentinel_search_ip_0_3 is either unconnected or has no load
WARNING: [Synth 8-7129] Port s_axi_intr_wdata[25] in module design_1_sentinel_search_ip_0_3 is either unconnected or has no load
WARNING: [Synth 8-7129] Port s_axi_intr_wdata[24] in module design_1_sentinel_search_ip_0_3 is either unconnected or has no load
WARNING: [Synth 8-7129] Port s_axi_intr_wdata[23] in module design_1_sentinel_search_ip_0_3 is either unconnected or has no load
WARNING: [Synth 8-7129] Port s_axi_intr_wdata[22] in module design_1_sentinel_search_ip_0_3 is either unconnected or has no load
WARNING: [Synth 8-7129] Port s_axi_intr_wdata[21] in module design_1_sentinel_search_ip_0_3 is either unconnected or has no load
WARNING: [Synth 8-7129] Port s_axi_intr_wdata[20] in module design_1_sentinel_search_ip_0_3 is either unconnected or has no load
WARNING: [Synth 8-7129] Port s_axi_intr_wdata[19] in module design_1_sentinel_search_ip_0_3 is either unconnected or has no load
WARNING: [Synth 8-7129] Port s_axi_intr_wdata[18] in module design_1_sentinel_search_ip_0_3 is either unconnected or has no load
WARNING: [Synth 8-7129] Port s_axi_intr_wdata[17] in module design_1_sentinel_search_ip_0_3 is either unconnected or has no load
WARNING: [Synth 8-7129] Port s_axi_intr_wdata[16] in module design_1_sentinel_search_ip_0_3 is either unconnected or has no load
WARNING: [Synth 8-7129] Port s_axi_intr_wdata[15] in module design_1_sentinel_search_ip_0_3 is either unconnected or has no load
WARNING: [Synth 8-7129] Port s_axi_intr_wdata[14] in module design_1_sentinel_search_ip_0_3 is either unconnected or has no load
WARNING: [Synth 8-7129] Port s_axi_intr_wdata[13] in module design_1_sentinel_search_ip_0_3 is either unconnected or has no load
WARNING: [Synth 8-7129] Port s_axi_intr_wdata[12] in module design_1_sentinel_search_ip_0_3 is either unconnected or has no load
WARNING: [Synth 8-7129] Port s_axi_intr_wdata[11] in module design_1_sentinel_search_ip_0_3 is either unconnected or has no load
WARNING: [Synth 8-7129] Port s_axi_intr_wdata[10] in module design_1_sentinel_search_ip_0_3 is either unconnected or has no load
WARNING: [Synth 8-7129] Port s_axi_intr_wdata[9] in module design_1_sentinel_search_ip_0_3 is either unconnected or has no load
WARNING: [Synth 8-7129] Port s_axi_intr_wdata[8] in module design_1_sentinel_search_ip_0_3 is either unconnected or has no load
WARNING: [Synth 8-7129] Port s_axi_intr_wdata[7] in module design_1_sentinel_search_ip_0_3 is either unconnected or has no load
WARNING: [Synth 8-7129] Port s_axi_intr_wdata[6] in module design_1_sentinel_search_ip_0_3 is either unconnected or has no load
WARNING: [Synth 8-7129] Port s_axi_intr_wdata[5] in module design_1_sentinel_search_ip_0_3 is either unconnected or has no load
WARNING: [Synth 8-7129] Port s_axi_intr_wdata[4] in module design_1_sentinel_search_ip_0_3 is either unconnected or has no load
WARNING: [Synth 8-7129] Port s_axi_intr_wdata[3] in module design_1_sentinel_search_ip_0_3 is either unconnected or has no load
WARNING: [Synth 8-7129] Port s_axi_intr_wdata[2] in module design_1_sentinel_search_ip_0_3 is either unconnected or has no load
WARNING: [Synth 8-7129] Port s_axi_intr_wdata[1] in module design_1_sentinel_search_ip_0_3 is either unconnected or has no load
WARNING: [Synth 8-7129] Port s_axi_intr_wstrb[3] in module design_1_sentinel_search_ip_0_3 is either unconnected or has no load
WARNING: [Synth 8-7129] Port s_axi_intr_wstrb[2] in module design_1_sentinel_search_ip_0_3 is either unconnected or has no load
WARNING: [Synth 8-7129] Port s_axi_intr_wstrb[1] in module design_1_sentinel_search_ip_0_3 is either unconnected or has no load
WARNING: [Synth 8-7129] Port s_axi_intr_wstrb[0] in module design_1_sentinel_search_ip_0_3 is either unconnected or has no load
WARNING: [Synth 8-7129] Port s_axi_intr_arprot[2] in module design_1_sentinel_search_ip_0_3 is either unconnected or has no load
WARNING: [Synth 8-7129] Port s_axi_intr_arprot[1] in module design_1_sentinel_search_ip_0_3 is either unconnected or has no load
WARNING: [Synth 8-7129] Port s_axi_intr_arprot[0] in module design_1_sentinel_search_ip_0_3 is either unconnected or has no load
CRITICAL WARNING: [Synth 8-6859] multi-driven net on pin Q with 1st driver pin 'U0/sentinel_search_ip_slave_lite_v2_0_S00_AXI_inst/slv_reg_status_reg[31]__0/Q' [/home/rickg/Desktop/NoSync/AXISearch/sentinel_value/sentinel_value.gen/sources_1/bd/design_1/ipshared/25f6/hdl/sentinel_search_ip_slave_lite_v2_0_S00_AXI.vhd:230]
CRITICAL WARNING: [Synth 8-6859] multi-driven net on pin Q with 2nd driver pin 'GND' [/home/rickg/Desktop/NoSync/AXISearch/sentinel_value/sentinel_value.gen/sources_1/bd/design_1/ipshared/25f6/hdl/sentinel_search_ip_slave_lite_v2_0_S00_AXI.vhd:230]
CRITICAL WARNING: [Synth 8-6858] multi-driven net Q is connected to at least one constant driver which has been preserved, other driver is ignored [/home/rickg/Desktop/NoSync/AXISearch/sentinel_value/sentinel_value.gen/sources_1/bd/design_1/ipshared/25f6/hdl/sentinel_search_ip_slave_lite_v2_0_S00_AXI.vhd:230]
CRITICAL WARNING: [Synth 8-6859] multi-driven net on pin Q with 1st driver pin 'U0/sentinel_search_ip_slave_lite_v2_0_S00_AXI_inst/slv_reg_status_reg[30]__0/Q' [/home/rickg/Desktop/NoSync/AXISearch/sentinel_value/sentinel_value.gen/sources_1/bd/design_1/ipshared/25f6/hdl/sentinel_search_ip_slave_lite_v2_0_S00_AXI.vhd:230]
CRITICAL WARNING: [Synth 8-6859] multi-driven net on pin Q with 2nd driver pin 'GND' [/home/rickg/Desktop/NoSync/AXISearch/sentinel_value/sentinel_value.gen/sources_1/bd/design_1/ipshared/25f6/hdl/sentinel_search_ip_slave_lite_v2_0_S00_AXI.vhd:230]
CRITICAL WARNING: [Synth 8-6858] multi-driven net Q is connected to at least one constant driver which has been preserved, other driver is ignored [/home/rickg/Desktop/NoSync/AXISearch/sentinel_value/sentinel_value.gen/sources_1/bd/design_1/ipshared/25f6/hdl/sentinel_search_ip_slave_lite_v2_0_S00_AXI.vhd:230]
CRITICAL WARNING: [Synth 8-6859] multi-driven net on pin Q with 1st driver pin 'U0/sentinel_search_ip_slave_lite_v2_0_S00_AXI_inst/slv_reg_status_reg[29]__0/Q' [/home/rickg/Desktop/NoSync/AXISearch/sentinel_value/sentinel_value.gen/sources_1/bd/design_1/ipshared/25f6/hdl/sentinel_search_ip_slave_lite_v2_0_S00_AXI.vhd:230]
CRITICAL WARNING: [Synth 8-6859] multi-driven net on pin Q with 2nd driver pin 'GND' [/home/rickg/Desktop/NoSync/AXISearch/sentinel_value/sentinel_value.gen/sources_1/bd/design_1/ipshared/25f6/hdl/sentinel_search_ip_slave_lite_v2_0_S00_AXI.vhd:230]
CRITICAL WARNING: [Synth 8-6858] multi-driven net Q is connected to at least one constant driver which has been preserved, other driver is ignored [/home/rickg/Desktop/NoSync/AXISearch/sentinel_value/sentinel_value.gen/sources_1/bd/design_1/ipshared/25f6/hdl/sentinel_search_ip_slave_lite_v2_0_S00_AXI.vhd:230]
CRITICAL WARNING: [Synth 8-6859] multi-driven net on pin Q with 1st driver pin 'U0/sentinel_search_ip_slave_lite_v2_0_S00_AXI_inst/slv_reg_status_reg[28]__0/Q' [/home/rickg/Desktop/NoSync/AXISearch/sentinel_value/sentinel_value.gen/sources_1/bd/design_1/ipshared/25f6/hdl/sentinel_search_ip_slave_lite_v2_0_S00_AXI.vhd:230]
CRITICAL WARNING: [Synth 8-6859] multi-driven net on pin Q with 2nd driver pin 'GND' [/home/rickg/Desktop/NoSync/AXISearch/sentinel_value/sentinel_value.gen/sources_1/bd/design_1/ipshared/25f6/hdl/sentinel_search_ip_slave_lite_v2_0_S00_AXI.vhd:230]
CRITICAL WARNING: [Synth 8-6858] multi-driven net Q is connected to at least one constant driver which has been preserved, other driver is ignored [/home/rickg/Desktop/NoSync/AXISearch/sentinel_value/sentinel_value.gen/sources_1/bd/design_1/ipshared/25f6/hdl/sentinel_search_ip_slave_lite_v2_0_S00_AXI.vhd:230]
CRITICAL WARNING: [Synth 8-6859] multi-driven net on pin Q with 1st driver pin 'U0/sentinel_search_ip_slave_lite_v2_0_S00_AXI_inst/slv_reg_status_reg[27]__0/Q' [/home/rickg/Desktop/NoSync/AXISearch/sentinel_value/sentinel_value.gen/sources_1/bd/design_1/ipshared/25f6/hdl/sentinel_search_ip_slave_lite_v2_0_S00_AXI.vhd:230]
CRITICAL WARNING: [Synth 8-6859] multi-driven net on pin Q with 2nd driver pin 'GND' [/home/rickg/Desktop/NoSync/AXISearch/sentinel_value/sentinel_value.gen/sources_1/bd/design_1/ipshared/25f6/hdl/sentinel_search_ip_slave_lite_v2_0_S00_AXI.vhd:230]
CRITICAL WARNING: [Synth 8-6858] multi-driven net Q is connected to at least one constant driver which has been preserved, other driver is ignored [/home/rickg/Desktop/NoSync/AXISearch/sentinel_value/sentinel_value.gen/sources_1/bd/design_1/ipshared/25f6/hdl/sentinel_search_ip_slave_lite_v2_0_S00_AXI.vhd:230]
CRITICAL WARNING: [Synth 8-6859] multi-driven net on pin Q with 1st driver pin 'U0/sentinel_search_ip_slave_lite_v2_0_S00_AXI_inst/slv_reg_status_reg[26]__0/Q' [/home/rickg/Desktop/NoSync/AXISearch/sentinel_value/sentinel_value.gen/sources_1/bd/design_1/ipshared/25f6/hdl/sentinel_search_ip_slave_lite_v2_0_S00_AXI.vhd:230]
CRITICAL WARNING: [Synth 8-6859] multi-driven net on pin Q with 2nd driver pin 'GND' [/home/rickg/Desktop/NoSync/AXISearch/sentinel_value/sentinel_value.gen/sources_1/bd/design_1/ipshared/25f6/hdl/sentinel_search_ip_slave_lite_v2_0_S00_AXI.vhd:230]
CRITICAL WARNING: [Synth 8-6858] multi-driven net Q is connected to at least one constant driver which has been preserved, other driver is ignored [/home/rickg/Desktop/NoSync/AXISearch/sentinel_value/sentinel_value.gen/sources_1/bd/design_1/ipshared/25f6/hdl/sentinel_search_ip_slave_lite_v2_0_S00_AXI.vhd:230]
CRITICAL WARNING: [Synth 8-6859] multi-driven net on pin Q with 1st driver pin 'U0/sentinel_search_ip_slave_lite_v2_0_S00_AXI_inst/slv_reg_status_reg[25]__0/Q' [/home/rickg/Desktop/NoSync/AXISearch/sentinel_value/sentinel_value.gen/sources_1/bd/design_1/ipshared/25f6/hdl/sentinel_search_ip_slave_lite_v2_0_S00_AXI.vhd:230]
CRITICAL WARNING: [Synth 8-6859] multi-driven net on pin Q with 2nd driver pin 'GND' [/home/rickg/Desktop/NoSync/AXISearch/sentinel_value/sentinel_value.gen/sources_1/bd/design_1/ipshared/25f6/hdl/sentinel_search_ip_slave_lite_v2_0_S00_AXI.vhd:230]
CRITICAL WARNING: [Synth 8-6858] multi-driven net Q is connected to at least one constant driver which has been preserved, other driver is ignored [/home/rickg/Desktop/NoSync/AXISearch/sentinel_value/sentinel_value.gen/sources_1/bd/design_1/ipshared/25f6/hdl/sentinel_search_ip_slave_lite_v2_0_S00_AXI.vhd:230]
CRITICAL WARNING: [Synth 8-6859] multi-driven net on pin Q with 1st driver pin 'U0/sentinel_search_ip_slave_lite_v2_0_S00_AXI_inst/slv_reg_status_reg[24]__0/Q' [/home/rickg/Desktop/NoSync/AXISearch/sentinel_value/sentinel_value.gen/sources_1/bd/design_1/ipshared/25f6/hdl/sentinel_search_ip_slave_lite_v2_0_S00_AXI.vhd:230]
CRITICAL WARNING: [Synth 8-6859] multi-driven net on pin Q with 2nd driver pin 'GND' [/home/rickg/Desktop/NoSync/AXISearch/sentinel_value/sentinel_value.gen/sources_1/bd/design_1/ipshared/25f6/hdl/sentinel_search_ip_slave_lite_v2_0_S00_AXI.vhd:230]
CRITICAL WARNING: [Synth 8-6858] multi-driven net Q is connected to at least one constant driver which has been preserved, other driver is ignored [/home/rickg/Desktop/NoSync/AXISearch/sentinel_value/sentinel_value.gen/sources_1/bd/design_1/ipshared/25f6/hdl/sentinel_search_ip_slave_lite_v2_0_S00_AXI.vhd:230]
CRITICAL WARNING: [Synth 8-6859] multi-driven net on pin Q with 1st driver pin 'U0/sentinel_search_ip_slave_lite_v2_0_S00_AXI_inst/slv_reg_status_reg[23]__0/Q' [/home/rickg/Desktop/NoSync/AXISearch/sentinel_value/sentinel_value.gen/sources_1/bd/design_1/ipshared/25f6/hdl/sentinel_search_ip_slave_lite_v2_0_S00_AXI.vhd:230]
CRITICAL WARNING: [Synth 8-6859] multi-driven net on pin Q with 2nd driver pin 'GND' [/home/rickg/Desktop/NoSync/AXISearch/sentinel_value/sentinel_value.gen/sources_1/bd/design_1/ipshared/25f6/hdl/sentinel_search_ip_slave_lite_v2_0_S00_AXI.vhd:230]
CRITICAL WARNING: [Synth 8-6858] multi-driven net Q is connected to at least one constant driver which has been preserved, other driver is ignored [/home/rickg/Desktop/NoSync/AXISearch/sentinel_value/sentinel_value.gen/sources_1/bd/design_1/ipshared/25f6/hdl/sentinel_search_ip_slave_lite_v2_0_S00_AXI.vhd:230]
CRITICAL WARNING: [Synth 8-6859] multi-driven net on pin Q with 1st driver pin 'U0/sentinel_search_ip_slave_lite_v2_0_S00_AXI_inst/slv_reg_status_reg[22]__0/Q' [/home/rickg/Desktop/NoSync/AXISearch/sentinel_value/sentinel_value.gen/sources_1/bd/design_1/ipshared/25f6/hdl/sentinel_search_ip_slave_lite_v2_0_S00_AXI.vhd:230]
CRITICAL WARNING: [Synth 8-6859] multi-driven net on pin Q with 2nd driver pin 'GND' [/home/rickg/Desktop/NoSync/AXISearch/sentinel_value/sentinel_value.gen/sources_1/bd/design_1/ipshared/25f6/hdl/sentinel_search_ip_slave_lite_v2_0_S00_AXI.vhd:230]
CRITICAL WARNING: [Synth 8-6858] multi-driven net Q is connected to at least one constant driver which has been preserved, other driver is ignored [/home/rickg/Desktop/NoSync/AXISearch/sentinel_value/sentinel_value.gen/sources_1/bd/design_1/ipshared/25f6/hdl/sentinel_search_ip_slave_lite_v2_0_S00_AXI.vhd:230]
CRITICAL WARNING: [Synth 8-6859] multi-driven net on pin Q with 1st driver pin 'U0/sentinel_search_ip_slave_lite_v2_0_S00_AXI_inst/slv_reg_status_reg[21]__0/Q' [/home/rickg/Desktop/NoSync/AXISearch/sentinel_value/sentinel_value.gen/sources_1/bd/design_1/ipshared/25f6/hdl/sentinel_search_ip_slave_lite_v2_0_S00_AXI.vhd:230]
CRITICAL WARNING: [Synth 8-6859] multi-driven net on pin Q with 2nd driver pin 'GND' [/home/rickg/Desktop/NoSync/AXISearch/sentinel_value/sentinel_value.gen/sources_1/bd/design_1/ipshared/25f6/hdl/sentinel_search_ip_slave_lite_v2_0_S00_AXI.vhd:230]
CRITICAL WARNING: [Synth 8-6858] multi-driven net Q is connected to at least one constant driver which has been preserved, other driver is ignored [/home/rickg/Desktop/NoSync/AXISearch/sentinel_value/sentinel_value.gen/sources_1/bd/design_1/ipshared/25f6/hdl/sentinel_search_ip_slave_lite_v2_0_S00_AXI.vhd:230]
CRITICAL WARNING: [Synth 8-6859] multi-driven net on pin Q with 1st driver pin 'U0/sentinel_search_ip_slave_lite_v2_0_S00_AXI_inst/slv_reg_status_reg[20]__0/Q' [/home/rickg/Desktop/NoSync/AXISearch/sentinel_value/sentinel_value.gen/sources_1/bd/design_1/ipshared/25f6/hdl/sentinel_search_ip_slave_lite_v2_0_S00_AXI.vhd:230]
CRITICAL WARNING: [Synth 8-6859] multi-driven net on pin Q with 2nd driver pin 'GND' [/home/rickg/Desktop/NoSync/AXISearch/sentinel_value/sentinel_value.gen/sources_1/bd/design_1/ipshared/25f6/hdl/sentinel_search_ip_slave_lite_v2_0_S00_AXI.vhd:230]
CRITICAL WARNING: [Synth 8-6858] multi-driven net Q is connected to at least one constant driver which has been preserved, other driver is ignored [/home/rickg/Desktop/NoSync/AXISearch/sentinel_value/sentinel_value.gen/sources_1/bd/design_1/ipshared/25f6/hdl/sentinel_search_ip_slave_lite_v2_0_S00_AXI.vhd:230]
CRITICAL WARNING: [Synth 8-6859] multi-driven net on pin Q with 1st driver pin 'U0/sentinel_search_ip_slave_lite_v2_0_S00_AXI_inst/slv_reg_status_reg[19]__0/Q' [/home/rickg/Desktop/NoSync/AXISearch/sentinel_value/sentinel_value.gen/sources_1/bd/design_1/ipshared/25f6/hdl/sentinel_search_ip_slave_lite_v2_0_S00_AXI.vhd:230]
CRITICAL WARNING: [Synth 8-6859] multi-driven net on pin Q with 2nd driver pin 'GND' [/home/rickg/Desktop/NoSync/AXISearch/sentinel_value/sentinel_value.gen/sources_1/bd/design_1/ipshared/25f6/hdl/sentinel_search_ip_slave_lite_v2_0_S00_AXI.vhd:230]
CRITICAL WARNING: [Synth 8-6858] multi-driven net Q is connected to at least one constant driver which has been preserved, other driver is ignored [/home/rickg/Desktop/NoSync/AXISearch/sentinel_value/sentinel_value.gen/sources_1/bd/design_1/ipshared/25f6/hdl/sentinel_search_ip_slave_lite_v2_0_S00_AXI.vhd:230]
CRITICAL WARNING: [Synth 8-6859] multi-driven net on pin Q with 1st driver pin 'U0/sentinel_search_ip_slave_lite_v2_0_S00_AXI_inst/slv_reg_status_reg[18]__0/Q' [/home/rickg/Desktop/NoSync/AXISearch/sentinel_value/sentinel_value.gen/sources_1/bd/design_1/ipshared/25f6/hdl/sentinel_search_ip_slave_lite_v2_0_S00_AXI.vhd:230]
CRITICAL WARNING: [Synth 8-6859] multi-driven net on pin Q with 2nd driver pin 'GND' [/home/rickg/Desktop/NoSync/AXISearch/sentinel_value/sentinel_value.gen/sources_1/bd/design_1/ipshared/25f6/hdl/sentinel_search_ip_slave_lite_v2_0_S00_AXI.vhd:230]
CRITICAL WARNING: [Synth 8-6858] multi-driven net Q is connected to at least one constant driver which has been preserved, other driver is ignored [/home/rickg/Desktop/NoSync/AXISearch/sentinel_value/sentinel_value.gen/sources_1/bd/design_1/ipshared/25f6/hdl/sentinel_search_ip_slave_lite_v2_0_S00_AXI.vhd:230]
CRITICAL WARNING: [Synth 8-6859] multi-driven net on pin Q with 1st driver pin 'U0/sentinel_search_ip_slave_lite_v2_0_S00_AXI_inst/slv_reg_status_reg[17]__0/Q' [/home/rickg/Desktop/NoSync/AXISearch/sentinel_value/sentinel_value.gen/sources_1/bd/design_1/ipshared/25f6/hdl/sentinel_search_ip_slave_lite_v2_0_S00_AXI.vhd:230]
CRITICAL WARNING: [Synth 8-6859] multi-driven net on pin Q with 2nd driver pin 'GND' [/home/rickg/Desktop/NoSync/AXISearch/sentinel_value/sentinel_value.gen/sources_1/bd/design_1/ipshared/25f6/hdl/sentinel_search_ip_slave_lite_v2_0_S00_AXI.vhd:230]
CRITICAL WARNING: [Synth 8-6858] multi-driven net Q is connected to at least one constant driver which has been preserved, other driver is ignored [/home/rickg/Desktop/NoSync/AXISearch/sentinel_value/sentinel_value.gen/sources_1/bd/design_1/ipshared/25f6/hdl/sentinel_search_ip_slave_lite_v2_0_S00_AXI.vhd:230]
CRITICAL WARNING: [Synth 8-6859] multi-driven net on pin Q with 1st driver pin 'U0/sentinel_search_ip_slave_lite_v2_0_S00_AXI_inst/slv_reg_status_reg[16]__0/Q' [/home/rickg/Desktop/NoSync/AXISearch/sentinel_value/sentinel_value.gen/sources_1/bd/design_1/ipshared/25f6/hdl/sentinel_search_ip_slave_lite_v2_0_S00_AXI.vhd:230]
CRITICAL WARNING: [Synth 8-6859] multi-driven net on pin Q with 2nd driver pin 'GND' [/home/rickg/Desktop/NoSync/AXISearch/sentinel_value/sentinel_value.gen/sources_1/bd/design_1/ipshared/25f6/hdl/sentinel_search_ip_slave_lite_v2_0_S00_AXI.vhd:230]
CRITICAL WARNING: [Synth 8-6858] multi-driven net Q is connected to at least one constant driver which has been preserved, other driver is ignored [/home/rickg/Desktop/NoSync/AXISearch/sentinel_value/sentinel_value.gen/sources_1/bd/design_1/ipshared/25f6/hdl/sentinel_search_ip_slave_lite_v2_0_S00_AXI.vhd:230]
CRITICAL WARNING: [Synth 8-6859] multi-driven net on pin Q with 1st driver pin 'U0/sentinel_search_ip_slave_lite_v2_0_S00_AXI_inst/slv_reg_status_reg[15]__0/Q' [/home/rickg/Desktop/NoSync/AXISearch/sentinel_value/sentinel_value.gen/sources_1/bd/design_1/ipshared/25f6/hdl/sentinel_search_ip_slave_lite_v2_0_S00_AXI.vhd:230]
CRITICAL WARNING: [Synth 8-6859] multi-driven net on pin Q with 2nd driver pin 'GND' [/home/rickg/Desktop/NoSync/AXISearch/sentinel_value/sentinel_value.gen/sources_1/bd/design_1/ipshared/25f6/hdl/sentinel_search_ip_slave_lite_v2_0_S00_AXI.vhd:230]
CRITICAL WARNING: [Synth 8-6858] multi-driven net Q is connected to at least one constant driver which has been preserved, other driver is ignored [/home/rickg/Desktop/NoSync/AXISearch/sentinel_value/sentinel_value.gen/sources_1/bd/design_1/ipshared/25f6/hdl/sentinel_search_ip_slave_lite_v2_0_S00_AXI.vhd:230]
CRITICAL WARNING: [Synth 8-6859] multi-driven net on pin Q with 1st driver pin 'U0/sentinel_search_ip_slave_lite_v2_0_S00_AXI_inst/slv_reg_status_reg[14]__0/Q' [/home/rickg/Desktop/NoSync/AXISearch/sentinel_value/sentinel_value.gen/sources_1/bd/design_1/ipshared/25f6/hdl/sentinel_search_ip_slave_lite_v2_0_S00_AXI.vhd:230]
CRITICAL WARNING: [Synth 8-6859] multi-driven net on pin Q with 2nd driver pin 'GND' [/home/rickg/Desktop/NoSync/AXISearch/sentinel_value/sentinel_value.gen/sources_1/bd/design_1/ipshared/25f6/hdl/sentinel_search_ip_slave_lite_v2_0_S00_AXI.vhd:230]
CRITICAL WARNING: [Synth 8-6858] multi-driven net Q is connected to at least one constant driver which has been preserved, other driver is ignored [/home/rickg/Desktop/NoSync/AXISearch/sentinel_value/sentinel_value.gen/sources_1/bd/design_1/ipshared/25f6/hdl/sentinel_search_ip_slave_lite_v2_0_S00_AXI.vhd:230]
CRITICAL WARNING: [Synth 8-6859] multi-driven net on pin Q with 1st driver pin 'U0/sentinel_search_ip_slave_lite_v2_0_S00_AXI_inst/slv_reg_status_reg[13]__0/Q' [/home/rickg/Desktop/NoSync/AXISearch/sentinel_value/sentinel_value.gen/sources_1/bd/design_1/ipshared/25f6/hdl/sentinel_search_ip_slave_lite_v2_0_S00_AXI.vhd:230]
CRITICAL WARNING: [Synth 8-6859] multi-driven net on pin Q with 2nd driver pin 'GND' [/home/rickg/Desktop/NoSync/AXISearch/sentinel_value/sentinel_value.gen/sources_1/bd/design_1/ipshared/25f6/hdl/sentinel_search_ip_slave_lite_v2_0_S00_AXI.vhd:230]
CRITICAL WARNING: [Synth 8-6858] multi-driven net Q is connected to at least one constant driver which has been preserved, other driver is ignored [/home/rickg/Desktop/NoSync/AXISearch/sentinel_value/sentinel_value.gen/sources_1/bd/design_1/ipshared/25f6/hdl/sentinel_search_ip_slave_lite_v2_0_S00_AXI.vhd:230]
CRITICAL WARNING: [Synth 8-6859] multi-driven net on pin Q with 1st driver pin 'U0/sentinel_search_ip_slave_lite_v2_0_S00_AXI_inst/slv_reg_status_reg[12]__0/Q' [/home/rickg/Desktop/NoSync/AXISearch/sentinel_value/sentinel_value.gen/sources_1/bd/design_1/ipshared/25f6/hdl/sentinel_search_ip_slave_lite_v2_0_S00_AXI.vhd:230]
CRITICAL WARNING: [Synth 8-6859] multi-driven net on pin Q with 2nd driver pin 'GND' [/home/rickg/Desktop/NoSync/AXISearch/sentinel_value/sentinel_value.gen/sources_1/bd/design_1/ipshared/25f6/hdl/sentinel_search_ip_slave_lite_v2_0_S00_AXI.vhd:230]
CRITICAL WARNING: [Synth 8-6858] multi-driven net Q is connected to at least one constant driver which has been preserved, other driver is ignored [/home/rickg/Desktop/NoSync/AXISearch/sentinel_value/sentinel_value.gen/sources_1/bd/design_1/ipshared/25f6/hdl/sentinel_search_ip_slave_lite_v2_0_S00_AXI.vhd:230]
CRITICAL WARNING: [Synth 8-6859] multi-driven net on pin Q with 1st driver pin 'U0/sentinel_search_ip_slave_lite_v2_0_S00_AXI_inst/slv_reg_status_reg[11]__0/Q' [/home/rickg/Desktop/NoSync/AXISearch/sentinel_value/sentinel_value.gen/sources_1/bd/design_1/ipshared/25f6/hdl/sentinel_search_ip_slave_lite_v2_0_S00_AXI.vhd:230]
CRITICAL WARNING: [Synth 8-6859] multi-driven net on pin Q with 2nd driver pin 'GND' [/home/rickg/Desktop/NoSync/AXISearch/sentinel_value/sentinel_value.gen/sources_1/bd/design_1/ipshared/25f6/hdl/sentinel_search_ip_slave_lite_v2_0_S00_AXI.vhd:230]
CRITICAL WARNING: [Synth 8-6858] multi-driven net Q is connected to at least one constant driver which has been preserved, other driver is ignored [/home/rickg/Desktop/NoSync/AXISearch/sentinel_value/sentinel_value.gen/sources_1/bd/design_1/ipshared/25f6/hdl/sentinel_search_ip_slave_lite_v2_0_S00_AXI.vhd:230]
CRITICAL WARNING: [Synth 8-6859] multi-driven net on pin Q with 1st driver pin 'U0/sentinel_search_ip_slave_lite_v2_0_S00_AXI_inst/slv_reg_status_reg[10]__0/Q' [/home/rickg/Desktop/NoSync/AXISearch/sentinel_value/sentinel_value.gen/sources_1/bd/design_1/ipshared/25f6/hdl/sentinel_search_ip_slave_lite_v2_0_S00_AXI.vhd:230]
CRITICAL WARNING: [Synth 8-6859] multi-driven net on pin Q with 2nd driver pin 'GND' [/home/rickg/Desktop/NoSync/AXISearch/sentinel_value/sentinel_value.gen/sources_1/bd/design_1/ipshared/25f6/hdl/sentinel_search_ip_slave_lite_v2_0_S00_AXI.vhd:230]
CRITICAL WARNING: [Synth 8-6858] multi-driven net Q is connected to at least one constant driver which has been preserved, other driver is ignored [/home/rickg/Desktop/NoSync/AXISearch/sentinel_value/sentinel_value.gen/sources_1/bd/design_1/ipshared/25f6/hdl/sentinel_search_ip_slave_lite_v2_0_S00_AXI.vhd:230]
CRITICAL WARNING: [Synth 8-6859] multi-driven net on pin Q with 1st driver pin 'U0/sentinel_search_ip_slave_lite_v2_0_S00_AXI_inst/slv_reg_status_reg[9]__0/Q' [/home/rickg/Desktop/NoSync/AXISearch/sentinel_value/sentinel_value.gen/sources_1/bd/design_1/ipshared/25f6/hdl/sentinel_search_ip_slave_lite_v2_0_S00_AXI.vhd:230]
CRITICAL WARNING: [Synth 8-6859] multi-driven net on pin Q with 2nd driver pin 'GND' [/home/rickg/Desktop/NoSync/AXISearch/sentinel_value/sentinel_value.gen/sources_1/bd/design_1/ipshared/25f6/hdl/sentinel_search_ip_slave_lite_v2_0_S00_AXI.vhd:230]
CRITICAL WARNING: [Synth 8-6858] multi-driven net Q is connected to at least one constant driver which has been preserved, other driver is ignored [/home/rickg/Desktop/NoSync/AXISearch/sentinel_value/sentinel_value.gen/sources_1/bd/design_1/ipshared/25f6/hdl/sentinel_search_ip_slave_lite_v2_0_S00_AXI.vhd:230]
CRITICAL WARNING: [Synth 8-6859] multi-driven net on pin Q with 1st driver pin 'U0/sentinel_search_ip_slave_lite_v2_0_S00_AXI_inst/slv_reg_status_reg[8]__0/Q' [/home/rickg/Desktop/NoSync/AXISearch/sentinel_value/sentinel_value.gen/sources_1/bd/design_1/ipshared/25f6/hdl/sentinel_search_ip_slave_lite_v2_0_S00_AXI.vhd:230]
CRITICAL WARNING: [Synth 8-6859] multi-driven net on pin Q with 2nd driver pin 'GND' [/home/rickg/Desktop/NoSync/AXISearch/sentinel_value/sentinel_value.gen/sources_1/bd/design_1/ipshared/25f6/hdl/sentinel_search_ip_slave_lite_v2_0_S00_AXI.vhd:230]
CRITICAL WARNING: [Synth 8-6858] multi-driven net Q is connected to at least one constant driver which has been preserved, other driver is ignored [/home/rickg/Desktop/NoSync/AXISearch/sentinel_value/sentinel_value.gen/sources_1/bd/design_1/ipshared/25f6/hdl/sentinel_search_ip_slave_lite_v2_0_S00_AXI.vhd:230]
CRITICAL WARNING: [Synth 8-6859] multi-driven net on pin Q with 1st driver pin 'U0/sentinel_search_ip_slave_lite_v2_0_S00_AXI_inst/slv_reg_status_reg[7]__0/Q' [/home/rickg/Desktop/NoSync/AXISearch/sentinel_value/sentinel_value.gen/sources_1/bd/design_1/ipshared/25f6/hdl/sentinel_search_ip_slave_lite_v2_0_S00_AXI.vhd:230]
CRITICAL WARNING: [Synth 8-6859] multi-driven net on pin Q with 2nd driver pin 'GND' [/home/rickg/Desktop/NoSync/AXISearch/sentinel_value/sentinel_value.gen/sources_1/bd/design_1/ipshared/25f6/hdl/sentinel_search_ip_slave_lite_v2_0_S00_AXI.vhd:230]
CRITICAL WARNING: [Synth 8-6858] multi-driven net Q is connected to at least one constant driver which has been preserved, other driver is ignored [/home/rickg/Desktop/NoSync/AXISearch/sentinel_value/sentinel_value.gen/sources_1/bd/design_1/ipshared/25f6/hdl/sentinel_search_ip_slave_lite_v2_0_S00_AXI.vhd:230]
CRITICAL WARNING: [Synth 8-6859] multi-driven net on pin Q with 1st driver pin 'U0/sentinel_search_ip_slave_lite_v2_0_S00_AXI_inst/slv_reg_status_reg[6]__0/Q' [/home/rickg/Desktop/NoSync/AXISearch/sentinel_value/sentinel_value.gen/sources_1/bd/design_1/ipshared/25f6/hdl/sentinel_search_ip_slave_lite_v2_0_S00_AXI.vhd:230]
CRITICAL WARNING: [Synth 8-6859] multi-driven net on pin Q with 2nd driver pin 'GND' [/home/rickg/Desktop/NoSync/AXISearch/sentinel_value/sentinel_value.gen/sources_1/bd/design_1/ipshared/25f6/hdl/sentinel_search_ip_slave_lite_v2_0_S00_AXI.vhd:230]
CRITICAL WARNING: [Synth 8-6858] multi-driven net Q is connected to at least one constant driver which has been preserved, other driver is ignored [/home/rickg/Desktop/NoSync/AXISearch/sentinel_value/sentinel_value.gen/sources_1/bd/design_1/ipshared/25f6/hdl/sentinel_search_ip_slave_lite_v2_0_S00_AXI.vhd:230]
CRITICAL WARNING: [Synth 8-6859] multi-driven net on pin Q with 1st driver pin 'U0/sentinel_search_ip_slave_lite_v2_0_S00_AXI_inst/slv_reg_status_reg[5]__0/Q' [/home/rickg/Desktop/NoSync/AXISearch/sentinel_value/sentinel_value.gen/sources_1/bd/design_1/ipshared/25f6/hdl/sentinel_search_ip_slave_lite_v2_0_S00_AXI.vhd:230]
CRITICAL WARNING: [Synth 8-6859] multi-driven net on pin Q with 2nd driver pin 'GND' [/home/rickg/Desktop/NoSync/AXISearch/sentinel_value/sentinel_value.gen/sources_1/bd/design_1/ipshared/25f6/hdl/sentinel_search_ip_slave_lite_v2_0_S00_AXI.vhd:230]
CRITICAL WARNING: [Synth 8-6858] multi-driven net Q is connected to at least one constant driver which has been preserved, other driver is ignored [/home/rickg/Desktop/NoSync/AXISearch/sentinel_value/sentinel_value.gen/sources_1/bd/design_1/ipshared/25f6/hdl/sentinel_search_ip_slave_lite_v2_0_S00_AXI.vhd:230]
CRITICAL WARNING: [Synth 8-6859] multi-driven net on pin Q with 1st driver pin 'U0/sentinel_search_ip_slave_lite_v2_0_S00_AXI_inst/slv_reg_status_reg[4]__0/Q' [/home/rickg/Desktop/NoSync/AXISearch/sentinel_value/sentinel_value.gen/sources_1/bd/design_1/ipshared/25f6/hdl/sentinel_search_ip_slave_lite_v2_0_S00_AXI.vhd:230]
CRITICAL WARNING: [Synth 8-6859] multi-driven net on pin Q with 2nd driver pin 'GND' [/home/rickg/Desktop/NoSync/AXISearch/sentinel_value/sentinel_value.gen/sources_1/bd/design_1/ipshared/25f6/hdl/sentinel_search_ip_slave_lite_v2_0_S00_AXI.vhd:230]
CRITICAL WARNING: [Synth 8-6858] multi-driven net Q is connected to at least one constant driver which has been preserved, other driver is ignored [/home/rickg/Desktop/NoSync/AXISearch/sentinel_value/sentinel_value.gen/sources_1/bd/design_1/ipshared/25f6/hdl/sentinel_search_ip_slave_lite_v2_0_S00_AXI.vhd:230]
CRITICAL WARNING: [Synth 8-6859] multi-driven net on pin Q with 1st driver pin 'U0/sentinel_search_ip_slave_lite_v2_0_S00_AXI_inst/slv_reg_status_reg[3]__0/Q' [/home/rickg/Desktop/NoSync/AXISearch/sentinel_value/sentinel_value.gen/sources_1/bd/design_1/ipshared/25f6/hdl/sentinel_search_ip_slave_lite_v2_0_S00_AXI.vhd:230]
CRITICAL WARNING: [Synth 8-6859] multi-driven net on pin Q with 2nd driver pin 'GND' [/home/rickg/Desktop/NoSync/AXISearch/sentinel_value/sentinel_value.gen/sources_1/bd/design_1/ipshared/25f6/hdl/sentinel_search_ip_slave_lite_v2_0_S00_AXI.vhd:230]
CRITICAL WARNING: [Synth 8-6858] multi-driven net Q is connected to at least one constant driver which has been preserved, other driver is ignored [/home/rickg/Desktop/NoSync/AXISearch/sentinel_value/sentinel_value.gen/sources_1/bd/design_1/ipshared/25f6/hdl/sentinel_search_ip_slave_lite_v2_0_S00_AXI.vhd:230]
CRITICAL WARNING: [Synth 8-6859] multi-driven net on pin Q with 1st driver pin 'U0/sentinel_search_ip_slave_lite_v2_0_S00_AXI_inst/slv_reg_status_reg[2]__0/Q' [/home/rickg/Desktop/NoSync/AXISearch/sentinel_value/sentinel_value.gen/sources_1/bd/design_1/ipshared/25f6/hdl/sentinel_search_ip_slave_lite_v2_0_S00_AXI.vhd:230]
CRITICAL WARNING: [Synth 8-6859] multi-driven net on pin Q with 2nd driver pin 'GND' [/home/rickg/Desktop/NoSync/AXISearch/sentinel_value/sentinel_value.gen/sources_1/bd/design_1/ipshared/25f6/hdl/sentinel_search_ip_slave_lite_v2_0_S00_AXI.vhd:230]
CRITICAL WARNING: [Synth 8-6858] multi-driven net Q is connected to at least one constant driver which has been preserved, other driver is ignored [/home/rickg/Desktop/NoSync/AXISearch/sentinel_value/sentinel_value.gen/sources_1/bd/design_1/ipshared/25f6/hdl/sentinel_search_ip_slave_lite_v2_0_S00_AXI.vhd:230]
CRITICAL WARNING: [Synth 8-6859] multi-driven net on pin Q with 1st driver pin 'U0/sentinel_search_ip_slave_lite_v2_0_S00_AXI_inst/slv_reg_status_reg[1]__0/Q' [/home/rickg/Desktop/NoSync/AXISearch/sentinel_value/sentinel_value.gen/sources_1/bd/design_1/ipshared/25f6/hdl/sentinel_search_ip_slave_lite_v2_0_S00_AXI.vhd:230]
CRITICAL WARNING: [Synth 8-6859] multi-driven net on pin Q with 2nd driver pin 'GND' [/home/rickg/Desktop/NoSync/AXISearch/sentinel_value/sentinel_value.gen/sources_1/bd/design_1/ipshared/25f6/hdl/sentinel_search_ip_slave_lite_v2_0_S00_AXI.vhd:230]
CRITICAL WARNING: [Synth 8-6858] multi-driven net Q is connected to at least one constant driver which has been preserved, other driver is ignored [/home/rickg/Desktop/NoSync/AXISearch/sentinel_value/sentinel_value.gen/sources_1/bd/design_1/ipshared/25f6/hdl/sentinel_search_ip_slave_lite_v2_0_S00_AXI.vhd:230]
CRITICAL WARNING: [Synth 8-6859] multi-driven net on pin Q with 1st driver pin 'U0/sentinel_search_ip_slave_lite_v2_0_S00_AXI_inst/slv_reg_status_reg[0]__0/Q' [/home/rickg/Desktop/NoSync/AXISearch/sentinel_value/sentinel_value.gen/sources_1/bd/design_1/ipshared/25f6/hdl/sentinel_search_ip_slave_lite_v2_0_S00_AXI.vhd:230]
CRITICAL WARNING: [Synth 8-6859] multi-driven net on pin Q with 2nd driver pin 'GND' [/home/rickg/Desktop/NoSync/AXISearch/sentinel_value/sentinel_value.gen/sources_1/bd/design_1/ipshared/25f6/hdl/sentinel_search_ip_slave_lite_v2_0_S00_AXI.vhd:230]
CRITICAL WARNING: [Synth 8-6858] multi-driven net Q is connected to at least one constant driver which has been preserved, other driver is ignored [/home/rickg/Desktop/NoSync/AXISearch/sentinel_value/sentinel_value.gen/sources_1/bd/design_1/ipshared/25f6/hdl/sentinel_search_ip_slave_lite_v2_0_S00_AXI.vhd:230]
---------------------------------------------------------------------------------
Finished Cross Boundary and Area Optimization : Time (s): cpu = 00:00:32 ; elapsed = 00:00:33 . Memory (MB): peak = 3743.289 ; gain = 2051.055 ; free physical = 3808 ; free virtual = 6083
---------------------------------------------------------------------------------
---------------------------------------------------------------------------------
Start Applying XDC Timing Constraints
---------------------------------------------------------------------------------
---------------------------------------------------------------------------------
Finished Applying XDC Timing Constraints : Time (s): cpu = 00:00:35 ; elapsed = 00:00:36 . Memory (MB): peak = 3743.289 ; gain = 2051.055 ; free physical = 3809 ; free virtual = 6084
---------------------------------------------------------------------------------
---------------------------------------------------------------------------------
Start Timing Optimization
---------------------------------------------------------------------------------
---------------------------------------------------------------------------------
Finished Timing Optimization : Time (s): cpu = 00:00:35 ; elapsed = 00:00:36 . Memory (MB): peak = 3743.289 ; gain = 2051.055 ; free physical = 3812 ; free virtual = 6087
---------------------------------------------------------------------------------
---------------------------------------------------------------------------------
Start Technology Mapping
---------------------------------------------------------------------------------
---------------------------------------------------------------------------------
Finished Technology Mapping : Time (s): cpu = 00:00:36 ; elapsed = 00:00:37 . Memory (MB): peak = 3743.289 ; gain = 2051.055 ; free physical = 3815 ; free virtual = 6090
---------------------------------------------------------------------------------
---------------------------------------------------------------------------------
Start IO Insertion
---------------------------------------------------------------------------------
---------------------------------------------------------------------------------
Start Flattening Before IO Insertion
---------------------------------------------------------------------------------
---------------------------------------------------------------------------------
Finished Flattening Before IO Insertion
---------------------------------------------------------------------------------
---------------------------------------------------------------------------------
Start Final Netlist Cleanup
---------------------------------------------------------------------------------
---------------------------------------------------------------------------------
Finished Final Netlist Cleanup
---------------------------------------------------------------------------------
---------------------------------------------------------------------------------
Finished IO Insertion : Time (s): cpu = 00:00:39 ; elapsed = 00:00:40 . Memory (MB): peak = 3743.289 ; gain = 2051.055 ; free physical = 3823 ; free virtual = 6098
---------------------------------------------------------------------------------
---------------------------------------------------------------------------------
Start Renaming Generated Instances
---------------------------------------------------------------------------------
---------------------------------------------------------------------------------
Finished Renaming Generated Instances : Time (s): cpu = 00:00:39 ; elapsed = 00:00:40 . Memory (MB): peak = 3743.289 ; gain = 2051.055 ; free physical = 3823 ; free virtual = 6098
---------------------------------------------------------------------------------
CRITICAL WARNING: [Synth 8-6859] multi-driven net on pin U0/sig_internal_irq with 1st driver pin 'U0/sentinel_search_ip_slave_lite_v2_0_S00_AXI_inst/irq_out_reg/Q' [/home/rickg/Desktop/NoSync/AXISearch/sentinel_value/sentinel_value.gen/sources_1/bd/design_1/ipshared/25f6/hdl/sentinel_search_ip_slave_lite_v2_0_S00_AXI.vhd:358]
CRITICAL WARNING: [Synth 8-6859] multi-driven net on pin U0/sig_internal_irq with 2nd driver pin 'U0/sentinel_search_ip_slave_lite_inter_v2_0_S_AXI_INTR_inst/intr_reg[0]/Q' [/home/rickg/Desktop/NoSync/AXISearch/sentinel_value/sentinel_value.gen/sources_1/bd/design_1/ipshared/25f6/hdl/sentinel_search_ip_slave_lite_inter_v2_0_S_AXI_INTR.vhd:163]

Report Check Netlist: 
+------+------------------+-------+---------+-------+------------------+
|      |Item              |Errors |Warnings |Status |Description       |
+------+------------------+-------+---------+-------+------------------+
|1     |multi_driven_nets |      0|        1|Failed |Multi driven nets |
+------+------------------+-------+---------+-------+------------------+
---------------------------------------------------------------------------------
Start Rebuilding User Hierarchy
---------------------------------------------------------------------------------
---------------------------------------------------------------------------------
Finished Rebuilding User Hierarchy : Time (s): cpu = 00:00:39 ; elapsed = 00:00:40 . Memory (MB): peak = 3743.289 ; gain = 2051.055 ; free physical = 3823 ; free virtual = 6098
---------------------------------------------------------------------------------
---------------------------------------------------------------------------------
Start Renaming Generated Ports
---------------------------------------------------------------------------------
---------------------------------------------------------------------------------
Finished Renaming Generated Ports : Time (s): cpu = 00:00:39 ; elapsed = 00:00:40 . Memory (MB): peak = 3743.289 ; gain = 2051.055 ; free physical = 3823 ; free virtual = 6098
---------------------------------------------------------------------------------
---------------------------------------------------------------------------------
Start Handling Custom Attributes
---------------------------------------------------------------------------------
---------------------------------------------------------------------------------
Finished Handling Custom Attributes : Time (s): cpu = 00:00:39 ; elapsed = 00:00:40 . Memory (MB): peak = 3743.289 ; gain = 2051.055 ; free physical = 3823 ; free virtual = 6098
---------------------------------------------------------------------------------
---------------------------------------------------------------------------------
Start Renaming Generated Nets
---------------------------------------------------------------------------------
---------------------------------------------------------------------------------
Finished Renaming Generated Nets : Time (s): cpu = 00:00:39 ; elapsed = 00:00:40 . Memory (MB): peak = 3743.289 ; gain = 2051.055 ; free physical = 3823 ; free virtual = 6098
---------------------------------------------------------------------------------
---------------------------------------------------------------------------------
Start Writing Synthesis Report
---------------------------------------------------------------------------------

Report BlackBoxes: 
+-+--------------+----------+
| |BlackBox name |Instances |
+-+--------------+----------+
+-+--------------+----------+

Report Cell Usage: 
+------+-------+------+
|      |Cell   |Count |
+------+-------+------+
|1     |CARRY4 |     6|
|2     |LUT1   |    21|
|3     |LUT2   |    30|
|4     |LUT3   |    31|
|5     |LUT4   |   533|
|6     |LUT5   |    75|
|7     |LUT6   |  3730|
|8     |MUXF7  |  1183|
|9     |MUXF8  |   512|
|10    |FDRE   |  4330|
|11    |FDSE   |     9|
+------+-------+------+
---------------------------------------------------------------------------------
Finished Writing Synthesis Report : Time (s): cpu = 00:00:39 ; elapsed = 00:00:40 . Memory (MB): peak = 3743.289 ; gain = 2051.055 ; free physical = 3823 ; free virtual = 6098
---------------------------------------------------------------------------------
Synthesis finished with 0 errors, 98 critical warnings and 48 warnings.
Synthesis Optimization Runtime : Time (s): cpu = 00:00:37 ; elapsed = 00:00:39 . Memory (MB): peak = 3743.289 ; gain = 1942.555 ; free physical = 3823 ; free virtual = 6098
Synthesis Optimization Complete : Time (s): cpu = 00:00:39 ; elapsed = 00:00:40 . Memory (MB): peak = 3743.297 ; gain = 2051.055 ; free physical = 3823 ; free virtual = 6098
INFO: [Project 1-571] Translating synthesized netlist
Netlist sorting complete. Time (s): cpu = 00:00:00.03 ; elapsed = 00:00:00.04 . Memory (MB): peak = 3743.297 ; gain = 0.000 ; free physical = 3988 ; free virtual = 6263
INFO: [Netlist 29-17] Analyzing 1701 Unisim elements for replacement
INFO: [Netlist 29-28] Unisim Transformation completed in 0 CPU seconds
WARNING: [Netlist 29-101] Netlist 'design_1_sentinel_search_ip_0_3' is not ideal for floorplanning, since the cellview 'sentinel_search_ip_slave_lite_v2_0_S00_AXI' contains a large number of primitives.  Please consider enabling hierarchy in synthesis if you want to do floorplanning.
INFO: [Project 1-570] Preparing netlist for logic optimization
INFO: [Opt 31-138] Pushed 0 inverter(s) to 0 load pin(s).
Netlist sorting complete. Time (s): cpu = 00:00:00 ; elapsed = 00:00:00 . Memory (MB): peak = 3799.316 ; gain = 0.000 ; free physical = 3988 ; free virtual = 6263
INFO: [Project 1-111] Unisim Transformation Summary:
No Unisim elements were transformed.

Synth Design complete | Checksum: f19db94
INFO: [Common 17-83] Releasing license: Synthesis
64 Infos, 98 Warnings, 98 Critical Warnings and 0 Errors encountered.
synth_design completed successfully
synth_design: Time (s): cpu = 00:00:44 ; elapsed = 00:00:43 . Memory (MB): peak = 3799.352 ; gain = 2282.820 ; free physical = 3988 ; free virtual = 6263
INFO: [Common 17-2834] synth_design peak Physical Memory [PSS] (MB): overall = 3167.832; main = 2950.144; forked = 275.533
INFO: [Common 17-2834] synth_design peak Virtual Memory [VSS] (MB): overall = 4707.160; main = 3799.320; forked = 963.867
Write ShapeDB Complete: Time (s): cpu = 00:00:00.02 ; elapsed = 00:00:00.01 . Memory (MB): peak = 3823.328 ; gain = 0.000 ; free physical = 3989 ; free virtual = 6265
INFO: [Common 17-1381] The checkpoint '/home/rickg/Desktop/NoSync/AXISearch/sentinel_value/sentinel_value.runs/design_1_sentinel_search_ip_0_3_synth_1/design_1_sentinel_search_ip_0_3.dcp' has been generated.
INFO: [runtcl-6] Synthesis results are not added to the cache due to CRITICAL_WARNING
INFO: [Coretcl 2-1174] Renamed 3 cell refs.
Write ShapeDB Complete: Time (s): cpu = 00:00:00.02 ; elapsed = 00:00:00.01 . Memory (MB): peak = 3823.328 ; gain = 0.000 ; free physical = 3973 ; free virtual = 6257
INFO: [Common 17-1381] The checkpoint '/home/rickg/Desktop/NoSync/AXISearch/sentinel_value/sentinel_value.runs/design_1_sentinel_search_ip_0_3_synth_1/design_1_sentinel_search_ip_0_3.dcp' has been generated.
INFO: [Vivado 12-24828] Executing command : report_utilization -file design_1_sentinel_search_ip_0_3_utilization_synth.rpt -pb design_1_sentinel_search_ip_0_3_utilization_synth.pb
INFO: [Common 17-206] Exiting Vivado at Thu Feb 12 18:15:47 2026...
